<?xml version="1.0" encoding="UTF-8"?>
<testsuite xmlns:xsi="http://www.w3.org/2001/XMLSchema-instance" xsi:noNamespaceSchemaLocation="https://maven.apache.org/surefire/maven-surefire-plugin/xsd/surefire-test-report-3.0.xsd" version="3.0" name="com.app.EccomerceApplicationTests" time="21.141" tests="1" errors="0" skipped="0" failures="0">
  <properties>
[...]
</properties>
  <testcase name="contextLoads" classname="com.app.EccomerceApplicationTests" time="1.656">
    <system-out><![CDATA[10:01:34.023 [main] INFO org.springframework.test.context.support.AnnotationConfigContextLoaderUtils -- Could not detect default configuration classes for test class [com.app.EccomerceApplicationTests]: EccomerceApplicationTests does not declare any static, non-private, non-final, nested classes annotated with @Configuration.
10:01:34.379 [main] INFO org.springframework.boot.test.context.SpringBootTestContextBootstrapper -- Found @SpringBootConfiguration com.app.EccomerceApplication for test class com.app.EccomerceApplicationTests
10:01:34.875 [main] INFO org.springframework.boot.devtools.restart.RestartApplicationListener -- Restart disabled due to context in which it is running

  .   ____          _            __ _ _
 /\\ / ___'_ __ _ _(_)_ __  __ _ \ \ \ \
( ( )\___ | '_ | '_| | '_ \/ _` | \ \ \ \
 \\/  ___)| |_)| | | | | || (_| |  ) ) ) )
  '  |____| .__|_| |_|_| |_\__, | / / / /
 =========|_|==============|___/=/_/_/_/

 :: Spring Boot ::                (v3.3.3)

2024-10-02T10:01:35.661+05:30  INFO 931736 --- [eccomerce] [           main] com.app.EccomerceApplicationTests        : Starting EccomerceApplicationTests using Java 21.0.3 with PID 931736 (started by SHIVANYA SALES in D:\backend\eccomerce)
2024-10-02T10:01:35.665+05:30  INFO 931736 --- [eccomerce] [           main] com.app.EccomerceApplicationTests        : No active profile set, falling back to 1 default profile: "default"
2024-10-02T10:01:35.666+05:30 DEBUG 931736 --- [eccomerce] [           main] o.s.boot.SpringApplication               : Loading source class com.app.EccomerceApplication
2024-10-02T10:01:35.772+05:30 DEBUG 931736 --- [eccomerce] [           main] o.s.w.c.s.GenericWebApplicationContext   : Refreshing org.springframework.web.context.support.GenericWebApplicationContext@65327f5
2024-10-02T10:01:35.833+05:30 DEBUG 931736 --- [eccomerce] [           main] o.s.b.f.s.DefaultListableBeanFactory     : Creating shared instance of singleton bean 'org.springframework.context.annotation.internalConfigurationAnnotationProcessor'
2024-10-02T10:01:35.879+05:30 DEBUG 931736 --- [eccomerce] [           main] o.s.b.f.s.DefaultListableBeanFactory     : Creating shared instance of singleton bean 'org.springframework.boot.autoconfigure.internalCachingMetadataReaderFactory'
2024-10-02T10:01:36.002+05:30 DEBUG 931736 --- [eccomerce] [           main] o.s.c.a.ClassPathBeanDefinitionScanner   : Identified candidate component class: file [D:\backend\eccomerce\target\classes\com\app\config\AppConfig.class]
2024-10-02T10:01:36.065+05:30 DEBUG 931736 --- [eccomerce] [           main] o.s.c.a.ClassPathBeanDefinitionScanner   : Identified candidate component class: file [D:\backend\eccomerce\target\classes\com\app\controller\AdminOrderController.class]
2024-10-02T10:01:36.095+05:30 DEBUG 931736 --- [eccomerce] [           main] o.s.c.a.ClassPathBeanDefinitionScanner   : Identified candidate component class: file [D:\backend\eccomerce\target\classes\com\app\controller\AdminProductController.class]
2024-10-02T10:01:36.121+05:30 DEBUG 931736 --- [eccomerce] [           main] o.s.c.a.ClassPathBeanDefinitionScanner   : Identified candidate component class: file [D:\backend\eccomerce\target\classes\com\app\controller\AuthController.class]
2024-10-02T10:01:36.144+05:30 DEBUG 931736 --- [eccomerce] [           main] o.s.c.a.ClassPathBeanDefinitionScanner   : Identified candidate component class: file [D:\backend\eccomerce\target\classes\com\app\controller\CartController.class]
2024-10-02T10:01:36.147+05:30 DEBUG 931736 --- [eccomerce] [           main] o.s.c.a.ClassPathBeanDefinitionScanner   : Identified candidate component class: file [D:\backend\eccomerce\target\classes\com\app\controller\OrderController.class]
2024-10-02T10:01:36.154+05:30 DEBUG 931736 --- [eccomerce] [           main] o.s.c.a.ClassPathBeanDefinitionScanner   : Identified candidate component class: file [D:\backend\eccomerce\target\classes\com\app\controller\ProductController.class]
2024-10-02T10:01:36.156+05:30 DEBUG 931736 --- [eccomerce] [           main] o.s.c.a.ClassPathBeanDefinitionScanner   : Identified candidate component class: file [D:\backend\eccomerce\target\classes\com\app\controller\UserController.class]
2024-10-02T10:01:36.238+05:30 DEBUG 931736 --- [eccomerce] [           main] o.s.c.a.ClassPathBeanDefinitionScanner   : Identified candidate component class: file [D:\backend\eccomerce\target\classes\com\app\exceptions\MyGlobalExceptionHandler.class]
2024-10-02T10:01:36.410+05:30 DEBUG 931736 --- [eccomerce] [           main] o.s.c.a.ClassPathBeanDefinitionScanner   : Ignored because not a concrete top-level class: file [D:\backend\eccomerce\target\classes\com\app\repository\CategoryRepository.class]
2024-10-02T10:01:36.417+05:30 DEBUG 931736 --- [eccomerce] [           main] o.s.c.a.ClassPathBeanDefinitionScanner   : Ignored because not a concrete top-level class: file [D:\backend\eccomerce\target\classes\com\app\repository\ProductRepository.class]
2024-10-02T10:01:36.419+05:30 DEBUG 931736 --- [eccomerce] [           main] o.s.c.a.ClassPathBeanDefinitionScanner   : Ignored because not a concrete top-level class: file [D:\backend\eccomerce\target\classes\com\app\repository\UserRepository.class]
2024-10-02T10:01:36.421+05:30 DEBUG 931736 --- [eccomerce] [           main] o.s.c.a.ClassPathBeanDefinitionScanner   : Identified candidate component class: file [D:\backend\eccomerce\target\classes\com\app\security\jwt\AuthEntryPointJwt.class]
2024-10-02T10:01:36.454+05:30 DEBUG 931736 --- [eccomerce] [           main] o.s.c.a.ClassPathBeanDefinitionScanner   : Identified candidate component class: file [D:\backend\eccomerce\target\classes\com\app\security\jwt\AuthTokenFilter.class]
2024-10-02T10:01:36.456+05:30 DEBUG 931736 --- [eccomerce] [           main] o.s.c.a.ClassPathBeanDefinitionScanner   : Identified candidate component class: file [D:\backend\eccomerce\target\classes\com\app\security\jwt\JwtUtils.class]
2024-10-02T10:01:36.502+05:30 DEBUG 931736 --- [eccomerce] [           main] o.s.c.a.ClassPathBeanDefinitionScanner   : Identified candidate component class: file [D:\backend\eccomerce\target\classes\com\app\security\services\UserDetailsServiceImpl.class]
2024-10-02T10:01:36.523+05:30 DEBUG 931736 --- [eccomerce] [           main] o.s.c.a.ClassPathBeanDefinitionScanner   : Identified candidate component class: file [D:\backend\eccomerce\target\classes\com\app\security\WebSecurityConfig.class]
2024-10-02T10:01:36.526+05:30 DEBUG 931736 --- [eccomerce] [           main] o.s.c.a.ClassPathBeanDefinitionScanner   : Identified candidate component class: file [D:\backend\eccomerce\target\classes\com\app\service\AuthServiceImpl.class]
2024-10-02T10:01:36.528+05:30 DEBUG 931736 --- [eccomerce] [           main] o.s.c.a.ClassPathBeanDefinitionScanner   : Identified candidate component class: file [D:\backend\eccomerce\target\classes\com\app\service\CartItemServiceImpl.class]
2024-10-02T10:01:36.534+05:30 DEBUG 931736 --- [eccomerce] [           main] o.s.c.a.ClassPathBeanDefinitionScanner   : Identified candidate component class: file [D:\backend\eccomerce\target\classes\com\app\service\CartServiceImpl.class]
2024-10-02T10:01:36.548+05:30 DEBUG 931736 --- [eccomerce] [           main] o.s.c.a.ClassPathBeanDefinitionScanner   : Identified candidate component class: file [D:\backend\eccomerce\target\classes\com\app\service\OrderItemServiceImpl.class]
2024-10-02T10:01:36.602+05:30 DEBUG 931736 --- [eccomerce] [           main] o.s.c.a.ClassPathBeanDefinitionScanner   : Identified candidate component class: file [D:\backend\eccomerce\target\classes\com\app\service\OrderServiceImpl.class]
2024-10-02T10:01:36.679+05:30 DEBUG 931736 --- [eccomerce] [           main] o.s.c.a.ClassPathBeanDefinitionScanner   : Identified candidate component class: file [D:\backend\eccomerce\target\classes\com\app\service\ProductServiceImpl.class]
2024-10-02T10:01:36.686+05:30 DEBUG 931736 --- [eccomerce] [           main] o.s.c.a.ClassPathBeanDefinitionScanner   : Identified candidate component class: file [D:\backend\eccomerce\target\classes\com\app\service\UserServiceImpl.class]
2024-10-02T10:01:36.696+05:30 DEBUG 931736 --- [eccomerce] [           main] o.s.c.a.ClassPathBeanDefinitionScanner   : Identified candidate component class: file [D:\backend\eccomerce\target\classes\com\app\util\AuthUtil.class]
2024-10-02T10:01:39.061+05:30  INFO 931736 --- [eccomerce] [           main] .s.d.r.c.RepositoryConfigurationDelegate : Bootstrapping Spring Data JPA repositories in DEFAULT mode.
2024-10-02T10:01:39.081+05:30 DEBUG 931736 --- [eccomerce] [           main] o.s.b.f.s.DefaultListableBeanFactory     : Creating shared instance of singleton bean 'org.springframework.boot.autoconfigure.AutoConfigurationPackages'
2024-10-02T10:01:39.096+05:30 DEBUG 931736 --- [eccomerce] [           main] o.s.b.a.AutoConfigurationPackages        : @EnableAutoConfiguration was declared on a class in the package 'com.app'. Automatic @Repository and @Entity scanning is enabled.
2024-10-02T10:01:39.099+05:30 DEBUG 931736 --- [eccomerce] [           main] .s.d.r.c.RepositoryConfigurationDelegate : Scanning for JPA repositories in packages com.app.
2024-10-02T10:01:39.131+05:30 DEBUG 931736 --- [eccomerce] [           main] o.s.d.r.c.RepositoryComponentProvider    : Identified candidate component class: file [D:\backend\eccomerce\target\classes\com\app\repository\AddressRepository.class]
2024-10-02T10:01:39.132+05:30 DEBUG 931736 --- [eccomerce] [           main] o.s.d.r.c.RepositoryComponentProvider    : Identified candidate component class: file [D:\backend\eccomerce\target\classes\com\app\repository\CartItemRepository.class]
2024-10-02T10:01:39.133+05:30 DEBUG 931736 --- [eccomerce] [           main] o.s.d.r.c.RepositoryComponentProvider    : Identified candidate component class: file [D:\backend\eccomerce\target\classes\com\app\repository\CartRepository.class]
2024-10-02T10:01:39.133+05:30 DEBUG 931736 --- [eccomerce] [           main] o.s.d.r.c.RepositoryComponentProvider    : Identified candidate component class: file [D:\backend\eccomerce\target\classes\com\app\repository\CategoryRepository.class]
2024-10-02T10:01:39.133+05:30 DEBUG 931736 --- [eccomerce] [           main] o.s.d.r.c.RepositoryComponentProvider    : Identified candidate component class: file [D:\backend\eccomerce\target\classes\com\app\repository\OrderItemRepository.class]
2024-10-02T10:01:39.133+05:30 DEBUG 931736 --- [eccomerce] [           main] o.s.d.r.c.RepositoryComponentProvider    : Identified candidate component class: file [D:\backend\eccomerce\target\classes\com\app\repository\OrderRepository.class]
2024-10-02T10:01:39.134+05:30 DEBUG 931736 --- [eccomerce] [           main] o.s.d.r.c.RepositoryComponentProvider    : Identified candidate component class: file [D:\backend\eccomerce\target\classes\com\app\repository\ProductRepository.class]
2024-10-02T10:01:39.135+05:30 DEBUG 931736 --- [eccomerce] [           main] o.s.d.r.c.RepositoryComponentProvider    : Identified candidate component class: file [D:\backend\eccomerce\target\classes\com\app\repository\RoleRepository.class]
2024-10-02T10:01:39.135+05:30 DEBUG 931736 --- [eccomerce] [           main] o.s.d.r.c.RepositoryComponentProvider    : Identified candidate component class: file [D:\backend\eccomerce\target\classes\com\app\repository\UserRepository.class]
2024-10-02T10:01:39.284+05:30 DEBUG 931736 --- [eccomerce] [           main] ssPathScanningCandidateComponentProvider : Identified candidate component class: file [D:\backend\eccomerce\target\classes\com\app\security\services\UserDetailsImpl.class]
2024-10-02T10:01:39.284+05:30 DEBUG 931736 --- [eccomerce] [           main] ssPathScanningCandidateComponentProvider : Identified candidate component class: file [D:\backend\eccomerce\target\classes\com\app\security\services\UserDetailsServiceImpl.class]
2024-10-02T10:01:39.284+05:30 DEBUG 931736 --- [eccomerce] [           main] ssPathScanningCandidateComponentProvider : Identified candidate component class: file [D:\backend\eccomerce\target\classes\com\app\service\AuthServiceImpl.class]
2024-10-02T10:01:39.285+05:30 DEBUG 931736 --- [eccomerce] [           main] ssPathScanningCandidateComponentProvider : Identified candidate component class: file [D:\backend\eccomerce\target\classes\com\app\service\CartItemServiceImpl.class]
2024-10-02T10:01:39.285+05:30 DEBUG 931736 --- [eccomerce] [           main] ssPathScanningCandidateComponentProvider : Identified candidate component class: file [D:\backend\eccomerce\target\classes\com\app\service\CartServiceImpl.class]
2024-10-02T10:01:39.285+05:30 DEBUG 931736 --- [eccomerce] [           main] ssPathScanningCandidateComponentProvider : Identified candidate component class: file [D:\backend\eccomerce\target\classes\com\app\service\OrderItemServiceImpl.class]
2024-10-02T10:01:39.285+05:30 DEBUG 931736 --- [eccomerce] [           main] ssPathScanningCandidateComponentProvider : Identified candidate component class: file [D:\backend\eccomerce\target\classes\com\app\service\OrderServiceImpl.class]
2024-10-02T10:01:39.286+05:30 DEBUG 931736 --- [eccomerce] [           main] ssPathScanningCandidateComponentProvider : Identified candidate component class: file [D:\backend\eccomerce\target\classes\com\app\service\ProductServiceImpl.class]
2024-10-02T10:01:39.286+05:30 DEBUG 931736 --- [eccomerce] [           main] ssPathScanningCandidateComponentProvider : Identified candidate component class: file [D:\backend\eccomerce\target\classes\com\app\service\UserServiceImpl.class]
2024-10-02T10:01:39.352+05:30  INFO 931736 --- [eccomerce] [           main] .s.d.r.c.RepositoryConfigurationDelegate : Finished Spring Data repository scanning in 248 ms. Found 9 JPA repository interfaces.
2024-10-02T10:01:39.635+05:30 DEBUG 931736 --- [eccomerce] [           main] o.s.b.f.s.DefaultListableBeanFactory     : Creating shared instance of singleton bean 'springSecurityHandlerMappingIntrospectorBeanDefinitionRegistryPostProcessor'
2024-10-02T10:01:39.947+05:30 DEBUG 931736 --- [eccomerce] [           main] o.s.b.f.s.DefaultListableBeanFactory     : Creating shared instance of singleton bean 'propertySourcesPlaceholderConfigurer'
2024-10-02T10:01:39.960+05:30 DEBUG 931736 --- [eccomerce] [           main] o.s.b.f.s.DefaultListableBeanFactory     : Creating shared instance of singleton bean 'org.springframework.boot.test.mock.mockito.MockitoPostProcessor'
2024-10-02T10:01:39.963+05:30 DEBUG 931736 --- [eccomerce] [           main] o.s.b.f.s.DefaultListableBeanFactory     : Creating shared instance of singleton bean 'emBeanDefinitionRegistrarPostProcessor'
2024-10-02T10:01:39.964+05:30 DEBUG 931736 --- [eccomerce] [           main] o.s.b.f.s.DefaultListableBeanFactory     : Creating shared instance of singleton bean 'org.springframework.boot.sql.init.dependency.DatabaseInitializationDependencyConfigurer$DependsOnDatabaseInitializationPostProcessor'
2024-10-02T10:01:40.148+05:30 DEBUG 931736 --- [eccomerce] [           main] o.s.b.f.s.DefaultListableBeanFactory     : Creating shared instance of singleton bean 'org.springframework.context.event.internalEventListenerProcessor'
2024-10-02T10:01:40.151+05:30 DEBUG 931736 --- [eccomerce] [           main] o.s.b.f.s.DefaultListableBeanFactory     : Creating shared instance of singleton bean 'conversionServicePostProcessor'
2024-10-02T10:01:40.170+05:30 DEBUG 931736 --- [eccomerce] [           main] o.s.b.f.s.DefaultListableBeanFactory     : Creating shared instance of singleton bean 'preserveErrorControllerTargetClassPostProcessor'
2024-10-02T10:01:40.173+05:30 DEBUG 931736 --- [eccomerce] [           main] o.s.b.f.s.DefaultListableBeanFactory     : Creating shared instance of singleton bean 'org.springframework.context.event.internalEventListenerFactory'
2024-10-02T10:01:40.174+05:30 DEBUG 931736 --- [eccomerce] [           main] o.s.b.f.s.DefaultListableBeanFactory     : Creating shared instance of singleton bean 'org.springframework.transaction.config.internalTransactionalEventListenerFactory'
2024-10-02T10:01:40.184+05:30 DEBUG 931736 --- [eccomerce] [           main] o.s.b.f.s.DefaultListableBeanFactory     : Creating shared instance of singleton bean 'org.springframework.boot.test.mock.mockito.MockitoPostProcessor$SpyPostProcessor'
2024-10-02T10:01:40.186+05:30 DEBUG 931736 --- [eccomerce] [           main] o.s.b.f.s.DefaultListableBeanFactory     : Creating shared instance of singleton bean 'org.springframework.context.annotation.internalAutowiredAnnotationProcessor'
2024-10-02T10:01:40.190+05:30 DEBUG 931736 --- [eccomerce] [           main] o.s.b.f.s.DefaultListableBeanFactory     : Creating shared instance of singleton bean 'org.springframework.context.annotation.internalCommonAnnotationProcessor'
2024-10-02T10:01:40.199+05:30 DEBUG 931736 --- [eccomerce] [           main] o.s.b.f.s.DefaultListableBeanFactory     : Creating shared instance of singleton bean 'org.springframework.context.annotation.internalPersistenceAnnotationProcessor'
2024-10-02T10:01:40.200+05:30 DEBUG 931736 --- [eccomerce] [           main] o.s.b.f.s.DefaultListableBeanFactory     : Creating shared instance of singleton bean 'org.springframework.boot.context.properties.ConfigurationPropertiesBindingPostProcessor'
2024-10-02T10:01:40.200+05:30 DEBUG 931736 --- [eccomerce] [           main] o.s.b.f.s.DefaultListableBeanFactory     : Creating shared instance of singleton bean 'org.springframework.boot.context.internalConfigurationPropertiesBinder'
2024-10-02T10:01:40.224+05:30 DEBUG 931736 --- [eccomerce] [           main] o.s.b.f.s.DefaultListableBeanFactory     : Creating shared instance of singleton bean 'jdbcConnectionDetailsHikariBeanPostProcessor'
2024-10-02T10:01:40.233+05:30 DEBUG 931736 --- [eccomerce] [           main] o.s.b.f.s.DefaultListableBeanFactory     : Creating shared instance of singleton bean 'methodValidationPostProcessor'
2024-10-02T10:01:40.286+05:30 DEBUG 931736 --- [eccomerce] [           main] o.s.b.f.s.DefaultListableBeanFactory     : Autowiring by type from bean name 'methodValidationPostProcessor' via factory method to bean named 'environment'
2024-10-02T10:01:40.291+05:30 DEBUG 931736 --- [eccomerce] [           main] o.s.b.f.s.DefaultListableBeanFactory     : Creating shared instance of singleton bean 'org.springframework.boot.context.properties.EnableConfigurationPropertiesRegistrar.methodValidationExcludeFilter'
2024-10-02T10:01:40.353+05:30 DEBUG 931736 --- [eccomerce] [           main] o.s.b.f.s.DefaultListableBeanFactory     : Creating shared instance of singleton bean 'org.springframework.aop.config.internalAutoProxyCreator'
2024-10-02T10:01:40.464+05:30 DEBUG 931736 --- [eccomerce] [           main] o.s.b.f.s.DefaultListableBeanFactory     : Creating shared instance of singleton bean 'persistenceExceptionTranslationPostProcessor'
2024-10-02T10:01:40.467+05:30 DEBUG 931736 --- [eccomerce] [           main] o.s.b.f.s.DefaultListableBeanFactory     : Autowiring by type from bean name 'persistenceExceptionTranslationPostProcessor' via factory method to bean named 'environment'
2024-10-02T10:01:40.472+05:30 DEBUG 931736 --- [eccomerce] [           main] o.s.b.f.s.DefaultListableBeanFactory     : Creating shared instance of singleton bean 'webServerFactoryCustomizerBeanPostProcessor'
2024-10-02T10:01:40.475+05:30 DEBUG 931736 --- [eccomerce] [           main] o.s.b.f.s.DefaultListableBeanFactory     : Creating shared instance of singleton bean 'errorPageRegistrarBeanPostProcessor'
2024-10-02T10:01:40.477+05:30 DEBUG 931736 --- [eccomerce] [           main] o.s.b.f.s.DefaultListableBeanFactory     : Creating shared instance of singleton bean 'projectingArgumentResolverBeanPostProcessor'
2024-10-02T10:01:40.482+05:30 DEBUG 931736 --- [eccomerce] [           main] o.s.b.f.s.DefaultListableBeanFactory     : Creating shared instance of singleton bean 'org.springframework.transaction.config.internalTransactionAdvisor'
2024-10-02T10:01:40.482+05:30 DEBUG 931736 --- [eccomerce] [           main] o.s.b.f.s.DefaultListableBeanFactory     : Creating shared instance of singleton bean 'org.springframework.transaction.annotation.ProxyTransactionManagementConfiguration'
2024-10-02T10:01:40.527+05:30 DEBUG 931736 --- [eccomerce] [           main] o.s.b.f.s.DefaultListableBeanFactory     : Creating shared instance of singleton bean 'transactionAttributeSource'
2024-10-02T10:01:40.529+05:30 DEBUG 931736 --- [eccomerce] [           main] o.s.b.f.s.DefaultListableBeanFactory     : Creating shared instance of singleton bean 'transactionInterceptor'
2024-10-02T10:01:40.531+05:30 DEBUG 931736 --- [eccomerce] [           main] o.s.b.f.s.DefaultListableBeanFactory     : Autowiring by type from bean name 'transactionInterceptor' via factory method to bean named 'transactionAttributeSource'
2024-10-02T10:01:40.556+05:30 DEBUG 931736 --- [eccomerce] [           main] o.s.b.f.s.DefaultListableBeanFactory     : Autowiring by type from bean name 'org.springframework.transaction.config.internalTransactionAdvisor' via factory method to bean named 'transactionAttributeSource'
2024-10-02T10:01:40.556+05:30 DEBUG 931736 --- [eccomerce] [           main] o.s.b.f.s.DefaultListableBeanFactory     : Autowiring by type from bean name 'org.springframework.transaction.config.internalTransactionAdvisor' via factory method to bean named 'transactionInterceptor'
2024-10-02T10:01:40.634+05:30 DEBUG 931736 --- [eccomerce] [           main] o.s.u.c.s.UiApplicationContextUtils      : Unable to locate ThemeSource with name 'themeSource': using default [org.springframework.ui.context.support.ResourceBundleThemeSource@515b9d4a]
2024-10-02T10:01:40.637+05:30 DEBUG 931736 --- [eccomerce] [           main] o.s.b.f.s.DefaultListableBeanFactory     : Creating shared instance of singleton bean 'dataSourceScriptDatabaseInitializer'
2024-10-02T10:01:40.637+05:30 DEBUG 931736 --- [eccomerce] [           main] o.s.b.f.s.DefaultListableBeanFactory     : Creating shared instance of singleton bean 'org.springframework.boot.autoconfigure.sql.init.DataSourceInitializationConfiguration'
2024-10-02T10:01:40.642+05:30 DEBUG 931736 --- [eccomerce] [           main] o.s.b.f.s.DefaultListableBeanFactory     : Creating shared instance of singleton bean 'dataSource'
2024-10-02T10:01:40.642+05:30 DEBUG 931736 --- [eccomerce] [           main] o.s.b.f.s.DefaultListableBeanFactory     : Creating shared instance of singleton bean 'org.springframework.boot.autoconfigure.jdbc.DataSourceConfiguration$Hikari'
2024-10-02T10:01:40.645+05:30 DEBUG 931736 --- [eccomerce] [           main] o.s.b.f.s.DefaultListableBeanFactory     : Creating shared instance of singleton bean 'spring.datasource-org.springframework.boot.autoconfigure.jdbc.DataSourceProperties'
2024-10-02T10:01:40.647+05:30 DEBUG 931736 --- [eccomerce] [           main] o.s.b.f.s.DefaultListableBeanFactory     : Creating shared instance of singleton bean 'org.springframework.boot.context.properties.BoundConfigurationProperties'
2024-10-02T10:01:40.710+05:30 DEBUG 931736 --- [eccomerce] [           main] o.s.b.f.s.DefaultListableBeanFactory     : Creating shared instance of singleton bean 'jdbcConnectionDetails'
2024-10-02T10:01:40.711+05:30 DEBUG 931736 --- [eccomerce] [           main] o.s.b.f.s.DefaultListableBeanFactory     : Creating shared instance of singleton bean 'org.springframework.boot.autoconfigure.jdbc.DataSourceAutoConfiguration$PooledDataSourceConfiguration'
2024-10-02T10:01:40.713+05:30 DEBUG 931736 --- [eccomerce] [           main] o.s.b.f.s.DefaultListableBeanFactory     : Autowiring by type from bean name 'jdbcConnectionDetails' via factory method to bean named 'spring.datasource-org.springframework.boot.autoconfigure.jdbc.DataSourceProperties'
2024-10-02T10:01:40.722+05:30 DEBUG 931736 --- [eccomerce] [           main] o.s.b.f.s.DefaultListableBeanFactory     : Autowiring by type from bean name 'dataSource' via factory method to bean named 'spring.datasource-org.springframework.boot.autoconfigure.jdbc.DataSourceProperties'
2024-10-02T10:01:40.723+05:30 DEBUG 931736 --- [eccomerce] [           main] o.s.b.f.s.DefaultListableBeanFactory     : Autowiring by type from bean name 'dataSource' via factory method to bean named 'jdbcConnectionDetails'
2024-10-02T10:01:40.806+05:30 DEBUG 931736 --- [eccomerce] [           main] o.s.b.f.s.DefaultListableBeanFactory     : Creating shared instance of singleton bean 'spring.sql.init-org.springframework.boot.autoconfigure.sql.init.SqlInitializationProperties'
2024-10-02T10:01:40.816+05:30 DEBUG 931736 --- [eccomerce] [           main] o.s.b.f.s.DefaultListableBeanFactory     : Autowiring by type from bean name 'dataSourceScriptDatabaseInitializer' via factory method to bean named 'dataSource'
2024-10-02T10:01:40.817+05:30 DEBUG 931736 --- [eccomerce] [           main] o.s.b.f.s.DefaultListableBeanFactory     : Autowiring by type from bean name 'dataSourceScriptDatabaseInitializer' via factory method to bean named 'spring.sql.init-org.springframework.boot.autoconfigure.sql.init.SqlInitializationProperties'
2024-10-02T10:01:40.838+05:30 DEBUG 931736 --- [eccomerce] [           main] o.s.b.f.s.DefaultListableBeanFactory     : Creating shared instance of singleton bean 'entityManagerFactory'
2024-10-02T10:01:40.839+05:30 DEBUG 931736 --- [eccomerce] [           main] o.s.b.f.s.DefaultListableBeanFactory     : Creating shared instance of singleton bean 'org.springframework.boot.autoconfigure.orm.jpa.HibernateJpaConfiguration'
2024-10-02T10:01:40.843+05:30 DEBUG 931736 --- [eccomerce] [           main] o.s.b.f.s.DefaultListableBeanFactory     : Creating shared instance of singleton bean 'spring.jpa-org.springframework.boot.autoconfigure.orm.jpa.JpaProperties'
2024-10-02T10:01:40.858+05:30 DEBUG 931736 --- [eccomerce] [           main] o.s.b.f.s.DefaultListableBeanFactory     : Creating shared instance of singleton bean 'spring.jpa.hibernate-org.springframework.boot.autoconfigure.orm.jpa.HibernateProperties'
2024-10-02T10:01:40.864+05:30 DEBUG 931736 --- [eccomerce] [           main] o.s.b.f.s.DefaultListableBeanFactory     : Autowiring by type from bean name 'org.springframework.boot.autoconfigure.orm.jpa.HibernateJpaConfiguration' via constructor to bean named 'dataSource'
2024-10-02T10:01:40.864+05:30 DEBUG 931736 --- [eccomerce] [           main] o.s.b.f.s.DefaultListableBeanFactory     : Autowiring by type from bean name 'org.springframework.boot.autoconfigure.orm.jpa.HibernateJpaConfiguration' via constructor to bean named 'spring.jpa-org.springframework.boot.autoconfigure.orm.jpa.JpaProperties'
2024-10-02T10:01:40.865+05:30 DEBUG 931736 --- [eccomerce] [           main] o.s.b.f.s.DefaultListableBeanFactory     : Autowiring by type from bean name 'org.springframework.boot.autoconfigure.orm.jpa.HibernateJpaConfiguration' via constructor to bean named 'org.springframework.beans.factory.support.DefaultListableBeanFactory@6be25526'
2024-10-02T10:01:40.865+05:30 DEBUG 931736 --- [eccomerce] [           main] o.s.b.f.s.DefaultListableBeanFactory     : Autowiring by type from bean name 'org.springframework.boot.autoconfigure.orm.jpa.HibernateJpaConfiguration' via constructor to bean named 'spring.jpa.hibernate-org.springframework.boot.autoconfigure.orm.jpa.HibernateProperties'
2024-10-02T10:01:40.875+05:30 DEBUG 931736 --- [eccomerce] [           main] o.s.b.f.s.DefaultListableBeanFactory     : Creating shared instance of singleton bean 'hikariPoolDataSourceMetadataProvider'
2024-10-02T10:01:40.876+05:30 DEBUG 931736 --- [eccomerce] [           main] o.s.b.f.s.DefaultListableBeanFactory     : Creating shared instance of singleton bean 'org.springframework.boot.autoconfigure.jdbc.metadata.DataSourcePoolMetadataProvidersConfiguration$HikariPoolDataSourceMetadataProviderConfiguration'
2024-10-02T10:01:40.892+05:30 DEBUG 931736 --- [eccomerce] [           main] o.s.b.f.s.DefaultListableBeanFactory     : Creating shared instance of singleton bean 'entityManagerFactoryBuilder'
2024-10-02T10:01:40.896+05:30 DEBUG 931736 --- [eccomerce] [           main] o.s.b.f.s.DefaultListableBeanFactory     : Creating shared instance of singleton bean 'jpaVendorAdapter'
2024-10-02T10:01:40.944+05:30 DEBUG 931736 --- [eccomerce] [           main] o.s.b.f.s.DefaultListableBeanFactory     : Autowiring by type from bean name 'entityManagerFactoryBuilder' via factory method to bean named 'jpaVendorAdapter'
2024-10-02T10:01:40.961+05:30 DEBUG 931736 --- [eccomerce] [           main] o.s.b.f.s.DefaultListableBeanFactory     : Creating shared instance of singleton bean 'persistenceManagedTypes'
2024-10-02T10:01:40.967+05:30 DEBUG 931736 --- [eccomerce] [           main] o.s.b.f.s.DefaultListableBeanFactory     : Autowiring by type from bean name 'persistenceManagedTypes' via factory method to bean named 'org.springframework.beans.factory.support.DefaultListableBeanFactory@6be25526'
2024-10-02T10:01:40.968+05:30 DEBUG 931736 --- [eccomerce] [           main] o.s.b.f.s.DefaultListableBeanFactory     : Autowiring by type from bean name 'persistenceManagedTypes' via factory method to bean named 'org.springframework.web.context.support.GenericWebApplicationContext@65327f5'
2024-10-02T10:01:40.998+05:30 DEBUG 931736 --- [eccomerce] [           main] o.s.b.f.s.DefaultListableBeanFactory     : Autowiring by type from bean name 'entityManagerFactory' via factory method to bean named 'entityManagerFactoryBuilder'
2024-10-02T10:01:40.999+05:30 DEBUG 931736 --- [eccomerce] [           main] o.s.b.f.s.DefaultListableBeanFactory     : Autowiring by type from bean name 'entityManagerFactory' via factory method to bean named 'persistenceManagedTypes'
2024-10-02T10:01:41.050+05:30 DEBUG 931736 --- [eccomerce] [           main] j.LocalContainerEntityManagerFactoryBean : Building JPA container EntityManagerFactory for persistence unit 'default'
2024-10-02T10:01:41.106+05:30  INFO 931736 --- [eccomerce] [           main] o.hibernate.jpa.internal.util.LogHelper  : HHH000204: Processing PersistenceUnitInfo [name: default]
2024-10-02T10:01:41.327+05:30  INFO 931736 --- [eccomerce] [           main] org.hibernate.Version                    : HHH000412: Hibernate ORM core version 6.5.2.Final
2024-10-02T10:01:41.468+05:30  INFO 931736 --- [eccomerce] [           main] o.h.c.internal.RegionFactoryInitiator    : HHH000026: Second-level cache disabled
2024-10-02T10:01:42.494+05:30  INFO 931736 --- [eccomerce] [           main] o.s.o.j.p.SpringPersistenceUnitInfo      : No LoadTimeWeaver setup: ignoring JPA class transformer
2024-10-02T10:01:42.570+05:30  INFO 931736 --- [eccomerce] [           main] com.zaxxer.hikari.HikariDataSource       : HikariPool-1 - Starting...
2024-10-02T10:01:43.056+05:30  INFO 931736 --- [eccomerce] [           main] com.zaxxer.hikari.pool.HikariPool        : HikariPool-1 - Added connection com.mysql.cj.jdbc.ConnectionImpl@1c0e4262
2024-10-02T10:01:43.059+05:30  INFO 931736 --- [eccomerce] [           main] com.zaxxer.hikari.HikariDataSource       : HikariPool-1 - Start completed.
2024-10-02T10:01:43.201+05:30  WARN 931736 --- [eccomerce] [           main] org.hibernate.orm.deprecation            : HHH90000025: MySQL8Dialect does not need to be specified explicitly using 'hibernate.dialect' (remove the property setting and it will be selected by default)
2024-10-02T10:01:43.204+05:30  WARN 931736 --- [eccomerce] [           main] org.hibernate.orm.deprecation            : HHH90000026: MySQL8Dialect has been deprecated; use org.hibernate.dialect.MySQLDialect instead
2024-10-02T10:01:46.511+05:30  INFO 931736 --- [eccomerce] [           main] o.h.e.t.j.p.i.JtaPlatformInitiator       : HHH000489: No JTA platform available (set 'hibernate.transaction.jta.platform' to enable JTA platform integration)
2024-10-02T10:01:46.678+05:30 DEBUG 931736 --- [eccomerce] [           main] org.hibernate.SQL                        : 
    alter table roles 
       modify column role_name enum ('ROLE_ADMIN','ROLE_SELLER','ROLE_USER')
Hibernate: 
    alter table roles 
       modify column role_name enum ('ROLE_ADMIN','ROLE_SELLER','ROLE_USER')
2024-10-02T10:01:47.015+05:30  INFO 931736 --- [eccomerce] [           main] j.LocalContainerEntityManagerFactoryBean : Initialized JPA EntityManagerFactory for persistence unit 'default'
2024-10-02T10:01:47.024+05:30 DEBUG 931736 --- [eccomerce] [           main] o.s.b.f.s.DefaultListableBeanFactory     : Creating shared instance of singleton bean 'eccomerceApplication'
2024-10-02T10:01:47.027+05:30 DEBUG 931736 --- [eccomerce] [           main] o.s.b.f.s.DefaultListableBeanFactory     : Creating shared instance of singleton bean 'appConfig'
2024-10-02T10:01:47.029+05:30 DEBUG 931736 --- [eccomerce] [           main] o.s.b.f.s.DefaultListableBeanFactory     : Creating shared instance of singleton bean 'adminOrderController'
2024-10-02T10:01:47.041+05:30 DEBUG 931736 --- [eccomerce] [           main] o.s.b.f.s.DefaultListableBeanFactory     : Creating shared instance of singleton bean 'orderServiceImpl'
2024-10-02T10:01:47.042+05:30 DEBUG 931736 --- [eccomerce] [           main] o.s.b.f.s.DefaultListableBeanFactory     : Creating shared instance of singleton bean 'cartRepository'
2024-10-02T10:01:47.053+05:30 DEBUG 931736 --- [eccomerce] [           main] o.s.b.f.s.DefaultListableBeanFactory     : Creating shared instance of singleton bean 'jpa.named-queries#0'
2024-10-02T10:01:47.060+05:30 DEBUG 931736 --- [eccomerce] [           main] o.s.b.f.s.DefaultListableBeanFactory     : Creating shared instance of singleton bean 'jpa.CartRepository.fragments#0'
2024-10-02T10:01:47.072+05:30 DEBUG 931736 --- [eccomerce] [           main] o.s.b.f.s.DefaultListableBeanFactory     : Creating shared instance of singleton bean 'jpaSharedEM_entityManagerFactory'
2024-10-02T10:01:47.154+05:30 DEBUG 931736 --- [eccomerce] [           main] o.s.b.f.s.DefaultListableBeanFactory     : Creating shared instance of singleton bean 'jpaMappingContext'
2024-10-02T10:01:47.154+05:30 DEBUG 931736 --- [eccomerce] [           main] .c.JpaMetamodelMappingContextFactoryBean : Initializing JpaMetamodelMappingContext…
2024-10-02T10:01:47.193+05:30 DEBUG 931736 --- [eccomerce] [           main] .c.JpaMetamodelMappingContextFactoryBean : Finished initializing JpaMetamodelMappingContext
2024-10-02T10:01:47.257+05:30 DEBUG 931736 --- [eccomerce] [           main] tor$SharedEntityManagerInvocationHandler : Creating new EntityManager for shared EntityManager invocation
2024-10-02T10:01:47.400+05:30 DEBUG 931736 --- [eccomerce] [           main] tor$SharedEntityManagerInvocationHandler : Creating new EntityManager for shared EntityManager invocation
2024-10-02T10:01:47.634+05:30 DEBUG 931736 --- [eccomerce] [           main] o.s.d.r.c.s.RepositoryFactorySupport     : Initializing repository instance for com.app.repository.CartRepository…
2024-10-02T10:01:47.661+05:30 DEBUG 931736 --- [eccomerce] [           main] tor$SharedEntityManagerInvocationHandler : Creating new EntityManager for shared EntityManager invocation
2024-10-02T10:01:47.766+05:30  INFO 931736 --- [eccomerce] [           main] o.s.d.j.r.query.QueryEnhancerFactory     : Hibernate is in classpath; If applicable, HQL parser will be used.
2024-10-02T10:01:48.260+05:30 DEBUG 931736 --- [eccomerce] [           main] o.s.d.jpa.repository.query.NamedQuery    : Did not find named query Cart.findCartsByProductId.count
2024-10-02T10:01:48.262+05:30 DEBUG 931736 --- [eccomerce] [           main] tor$SharedEntityManagerInvocationHandler : Creating new EntityManager for shared EntityManager invocation
2024-10-02T10:01:48.861+05:30 DEBUG 931736 --- [eccomerce] [           main] o.s.d.jpa.repository.query.NamedQuery    : Did not find named query Cart.findCartByEmailAndCartId.count
2024-10-02T10:01:48.861+05:30 DEBUG 931736 --- [eccomerce] [           main] tor$SharedEntityManagerInvocationHandler : Creating new EntityManager for shared EntityManager invocation
2024-10-02T10:01:48.934+05:30 DEBUG 931736 --- [eccomerce] [           main] o.s.d.jpa.repository.query.NamedQuery    : Did not find named query Cart.findCartByEmail.count
2024-10-02T10:01:48.934+05:30 DEBUG 931736 --- [eccomerce] [           main] tor$SharedEntityManagerInvocationHandler : Creating new EntityManager for shared EntityManager invocation
2024-10-02T10:01:48.945+05:30 DEBUG 931736 --- [eccomerce] [           main] o.s.d.r.c.s.RepositoryFactorySupport     : Finished creation of repository instance for com.app.repository.CartRepository.
2024-10-02T10:01:48.956+05:30 DEBUG 931736 --- [eccomerce] [           main] o.s.b.f.s.DefaultListableBeanFactory     : Creating shared instance of singleton bean 'cartServiceImpl'
2024-10-02T10:01:49.018+05:30 DEBUG 931736 --- [eccomerce] [           main] o.s.b.f.s.DefaultListableBeanFactory     : Creating shared instance of singleton bean 'authUtil'
2024-10-02T10:01:49.020+05:30 DEBUG 931736 --- [eccomerce] [           main] o.s.b.f.s.DefaultListableBeanFactory     : Creating shared instance of singleton bean 'userRepository'
2024-10-02T10:01:49.023+05:30 DEBUG 931736 --- [eccomerce] [           main] o.s.b.f.s.DefaultListableBeanFactory     : Creating shared instance of singleton bean 'jpa.named-queries#4'
2024-10-02T10:01:49.025+05:30 DEBUG 931736 --- [eccomerce] [           main] o.s.b.f.s.DefaultListableBeanFactory     : Creating shared instance of singleton bean 'jpa.UserRepository.fragments#0'
2024-10-02T10:01:49.027+05:30 DEBUG 931736 --- [eccomerce] [           main] tor$SharedEntityManagerInvocationHandler : Creating new EntityManager for shared EntityManager invocation
2024-10-02T10:01:49.029+05:30 DEBUG 931736 --- [eccomerce] [           main] o.s.d.r.c.s.RepositoryFactorySupport     : Initializing repository instance for com.app.repository.UserRepository…
2024-10-02T10:01:49.030+05:30 DEBUG 931736 --- [eccomerce] [           main] tor$SharedEntityManagerInvocationHandler : Creating new EntityManager for shared EntityManager invocation
2024-10-02T10:01:49.040+05:30 DEBUG 931736 --- [eccomerce] [           main] o.s.d.jpa.repository.query.NamedQuery    : Looking up named query User.findByEmail
2024-10-02T10:01:49.041+05:30 DEBUG 931736 --- [eccomerce] [           main] o.s.d.jpa.repository.query.NamedQuery    : Did not find named query User.findByEmail
2024-10-02T10:01:49.046+05:30 DEBUG 931736 --- [eccomerce] [           main] tor$SharedEntityManagerInvocationHandler : Creating new EntityManager for shared EntityManager invocation
2024-10-02T10:01:49.094+05:30 DEBUG 931736 --- [eccomerce] [           main] o.s.d.jpa.repository.query.NamedQuery    : Looking up named query User.existsByEmail
2024-10-02T10:01:49.095+05:30 DEBUG 931736 --- [eccomerce] [           main] o.s.d.jpa.repository.query.NamedQuery    : Did not find named query User.existsByEmail
2024-10-02T10:01:49.096+05:30 DEBUG 931736 --- [eccomerce] [           main] tor$SharedEntityManagerInvocationHandler : Creating new EntityManager for shared EntityManager invocation
2024-10-02T10:01:49.105+05:30 DEBUG 931736 --- [eccomerce] [           main] o.s.d.r.c.s.RepositoryFactorySupport     : Finished creation of repository instance for com.app.repository.UserRepository.
2024-10-02T10:01:49.107+05:30 DEBUG 931736 --- [eccomerce] [           main] o.s.b.f.s.DefaultListableBeanFactory     : Creating shared instance of singleton bean 'cartItemServiceImpl'
2024-10-02T10:01:49.109+05:30 DEBUG 931736 --- [eccomerce] [           main] o.s.b.f.s.DefaultListableBeanFactory     : Creating shared instance of singleton bean 'cartItemRepository'
2024-10-02T10:01:49.110+05:30 DEBUG 931736 --- [eccomerce] [           main] o.s.b.f.s.DefaultListableBeanFactory     : Creating shared instance of singleton bean 'jpa.named-queries#6'
2024-10-02T10:01:49.111+05:30 DEBUG 931736 --- [eccomerce] [           main] o.s.b.f.s.DefaultListableBeanFactory     : Creating shared instance of singleton bean 'jpa.CartItemRepository.fragments#0'
2024-10-02T10:01:49.112+05:30 DEBUG 931736 --- [eccomerce] [           main] tor$SharedEntityManagerInvocationHandler : Creating new EntityManager for shared EntityManager invocation
2024-10-02T10:01:49.114+05:30 DEBUG 931736 --- [eccomerce] [           main] o.s.d.r.c.s.RepositoryFactorySupport     : Initializing repository instance for com.app.repository.CartItemRepository…
2024-10-02T10:01:49.114+05:30 DEBUG 931736 --- [eccomerce] [           main] tor$SharedEntityManagerInvocationHandler : Creating new EntityManager for shared EntityManager invocation
2024-10-02T10:01:49.121+05:30 DEBUG 931736 --- [eccomerce] [           main] o.s.d.jpa.repository.query.NamedQuery    : Did not find named query CartItem.findCartItemByProductIdAndCartId.count
2024-10-02T10:01:49.121+05:30 DEBUG 931736 --- [eccomerce] [           main] tor$SharedEntityManagerInvocationHandler : Creating new EntityManager for shared EntityManager invocation
2024-10-02T10:01:49.137+05:30 DEBUG 931736 --- [eccomerce] [           main] o.s.d.jpa.repository.query.NamedQuery    : Did not find named query CartItem.isCartItemExist.count
2024-10-02T10:01:49.137+05:30 DEBUG 931736 --- [eccomerce] [           main] tor$SharedEntityManagerInvocationHandler : Creating new EntityManager for shared EntityManager invocation
2024-10-02T10:01:49.153+05:30 DEBUG 931736 --- [eccomerce] [           main] o.s.d.jpa.repository.query.NamedQuery    : Did not find named query CartItem.deleteCartItemByProductIdAndCartId.count
2024-10-02T10:01:49.154+05:30 DEBUG 931736 --- [eccomerce] [           main] tor$SharedEntityManagerInvocationHandler : Creating new EntityManager for shared EntityManager invocation
2024-10-02T10:01:49.175+05:30 DEBUG 931736 --- [eccomerce] [           main] o.s.d.r.c.s.RepositoryFactorySupport     : Finished creation of repository instance for com.app.repository.CartItemRepository.
2024-10-02T10:01:49.177+05:30 DEBUG 931736 --- [eccomerce] [           main] o.s.b.f.s.DefaultListableBeanFactory     : Creating shared instance of singleton bean 'userServiceImpl'
2024-10-02T10:01:49.180+05:30 DEBUG 931736 --- [eccomerce] [           main] o.s.b.f.s.DefaultListableBeanFactory     : Creating shared instance of singleton bean 'jwtUtils'
2024-10-02T10:01:49.184+05:30 DEBUG 931736 --- [eccomerce] [           main] ySourcesPropertyResolver$DefaultResolver : Found key 'spring.app.jwtSecret' in PropertySource 'Config resource 'class path resource [application.properties]' via location 'optional:classpath:/'' with value of type String
2024-10-02T10:01:49.185+05:30 DEBUG 931736 --- [eccomerce] [           main] o.s.c.e.PropertySourcesPropertyResolver  : Found key 'spring.app.jwtSecret' in PropertySource 'environmentProperties' with value of type String
2024-10-02T10:01:49.186+05:30 DEBUG 931736 --- [eccomerce] [           main] ySourcesPropertyResolver$DefaultResolver : Found key 'spring.app.jwtExpirationMs' in PropertySource 'Config resource 'class path resource [application.properties]' via location 'optional:classpath:/'' with value of type String
2024-10-02T10:01:49.186+05:30 DEBUG 931736 --- [eccomerce] [           main] o.s.c.e.PropertySourcesPropertyResolver  : Found key 'spring.app.jwtExpirationMs' in PropertySource 'environmentProperties' with value of type String
2024-10-02T10:01:49.194+05:30 DEBUG 931736 --- [eccomerce] [           main] o.s.b.f.s.DefaultListableBeanFactory     : Creating shared instance of singleton bean 'productRepository'
2024-10-02T10:01:49.198+05:30 DEBUG 931736 --- [eccomerce] [           main] o.s.b.f.s.DefaultListableBeanFactory     : Creating shared instance of singleton bean 'jpa.named-queries#7'
2024-10-02T10:01:49.201+05:30 DEBUG 931736 --- [eccomerce] [           main] o.s.b.f.s.DefaultListableBeanFactory     : Creating shared instance of singleton bean 'jpa.ProductRepository.fragments#0'
2024-10-02T10:01:49.203+05:30 DEBUG 931736 --- [eccomerce] [           main] tor$SharedEntityManagerInvocationHandler : Creating new EntityManager for shared EntityManager invocation
2024-10-02T10:01:49.213+05:30 DEBUG 931736 --- [eccomerce] [           main] o.s.d.r.c.s.RepositoryFactorySupport     : Initializing repository instance for com.app.repository.ProductRepository…
2024-10-02T10:01:49.214+05:30 DEBUG 931736 --- [eccomerce] [           main] tor$SharedEntityManagerInvocationHandler : Creating new EntityManager for shared EntityManager invocation
2024-10-02T10:01:49.285+05:30 DEBUG 931736 --- [eccomerce] [           main] o.s.d.jpa.repository.query.NamedQuery    : Did not find named query Product.filterProducts.count
2024-10-02T10:01:49.285+05:30 DEBUG 931736 --- [eccomerce] [           main] tor$SharedEntityManagerInvocationHandler : Creating new EntityManager for shared EntityManager invocation
2024-10-02T10:01:49.506+05:30 DEBUG 931736 --- [eccomerce] [           main] o.s.d.r.c.s.RepositoryFactorySupport     : Finished creation of repository instance for com.app.repository.ProductRepository.
2024-10-02T10:01:49.508+05:30 DEBUG 931736 --- [eccomerce] [           main] o.s.b.f.s.DefaultListableBeanFactory     : Creating shared instance of singleton bean 'modelMapper'
2024-10-02T10:01:49.597+05:30 DEBUG 931736 --- [eccomerce] [           main] o.s.b.f.s.DefaultListableBeanFactory     : Creating shared instance of singleton bean 'productServiceImpl'
2024-10-02T10:01:49.658+05:30 DEBUG 931736 --- [eccomerce] [           main] o.s.b.f.s.DefaultListableBeanFactory     : Creating shared instance of singleton bean 'categoryRepository'
2024-10-02T10:01:49.660+05:30 DEBUG 931736 --- [eccomerce] [           main] o.s.b.f.s.DefaultListableBeanFactory     : Creating shared instance of singleton bean 'jpa.named-queries#1'
2024-10-02T10:01:49.663+05:30 DEBUG 931736 --- [eccomerce] [           main] o.s.b.f.s.DefaultListableBeanFactory     : Creating shared instance of singleton bean 'jpa.CategoryRepository.fragments#0'
2024-10-02T10:01:49.665+05:30 DEBUG 931736 --- [eccomerce] [           main] tor$SharedEntityManagerInvocationHandler : Creating new EntityManager for shared EntityManager invocation
2024-10-02T10:01:49.667+05:30 DEBUG 931736 --- [eccomerce] [           main] o.s.d.r.c.s.RepositoryFactorySupport     : Initializing repository instance for com.app.repository.CategoryRepository…
2024-10-02T10:01:49.668+05:30 DEBUG 931736 --- [eccomerce] [           main] tor$SharedEntityManagerInvocationHandler : Creating new EntityManager for shared EntityManager invocation
2024-10-02T10:01:49.674+05:30 DEBUG 931736 --- [eccomerce] [           main] o.s.d.jpa.repository.query.NamedQuery    : Looking up named query Category.findByCategoryName
2024-10-02T10:01:49.675+05:30 DEBUG 931736 --- [eccomerce] [           main] o.s.d.jpa.repository.query.NamedQuery    : Did not find named query Category.findByCategoryName
2024-10-02T10:01:49.675+05:30 DEBUG 931736 --- [eccomerce] [           main] tor$SharedEntityManagerInvocationHandler : Creating new EntityManager for shared EntityManager invocation
2024-10-02T10:01:49.683+05:30 DEBUG 931736 --- [eccomerce] [           main] o.s.d.jpa.repository.query.NamedQuery    : Did not find named query Category.findByNameAndParent.count
2024-10-02T10:01:49.684+05:30 DEBUG 931736 --- [eccomerce] [           main] tor$SharedEntityManagerInvocationHandler : Creating new EntityManager for shared EntityManager invocation
2024-10-02T10:01:49.696+05:30 DEBUG 931736 --- [eccomerce] [           main] o.s.d.r.c.s.RepositoryFactorySupport     : Finished creation of repository instance for com.app.repository.CategoryRepository.
2024-10-02T10:01:49.727+05:30 DEBUG 931736 --- [eccomerce] [           main] o.s.b.f.s.DefaultListableBeanFactory     : Creating shared instance of singleton bean 'orderRepository'
2024-10-02T10:01:49.730+05:30 DEBUG 931736 --- [eccomerce] [           main] o.s.b.f.s.DefaultListableBeanFactory     : Creating shared instance of singleton bean 'jpa.named-queries#8'
2024-10-02T10:01:49.733+05:30 DEBUG 931736 --- [eccomerce] [           main] o.s.b.f.s.DefaultListableBeanFactory     : Creating shared instance of singleton bean 'jpa.OrderRepository.fragments#0'
2024-10-02T10:01:49.735+05:30 DEBUG 931736 --- [eccomerce] [           main] tor$SharedEntityManagerInvocationHandler : Creating new EntityManager for shared EntityManager invocation
2024-10-02T10:01:49.771+05:30 DEBUG 931736 --- [eccomerce] [           main] o.s.d.r.c.s.RepositoryFactorySupport     : Initializing repository instance for com.app.repository.OrderRepository…
2024-10-02T10:01:49.771+05:30 DEBUG 931736 --- [eccomerce] [           main] tor$SharedEntityManagerInvocationHandler : Creating new EntityManager for shared EntityManager invocation
2024-10-02T10:01:49.786+05:30 DEBUG 931736 --- [eccomerce] [           main] o.s.d.jpa.repository.query.NamedQuery    : Did not find named query Order.getUsersOrders.count
2024-10-02T10:01:49.786+05:30 DEBUG 931736 --- [eccomerce] [           main] tor$SharedEntityManagerInvocationHandler : Creating new EntityManager for shared EntityManager invocation
2024-10-02T10:01:49.853+05:30 DEBUG 931736 --- [eccomerce] [           main] o.s.d.r.c.s.RepositoryFactorySupport     : Finished creation of repository instance for com.app.repository.OrderRepository.
2024-10-02T10:01:49.858+05:30 DEBUG 931736 --- [eccomerce] [           main] o.s.b.f.s.DefaultListableBeanFactory     : Creating shared instance of singleton bean 'addressRepository'
2024-10-02T10:01:49.861+05:30 DEBUG 931736 --- [eccomerce] [           main] o.s.b.f.s.DefaultListableBeanFactory     : Creating shared instance of singleton bean 'jpa.named-queries#5'
2024-10-02T10:01:49.863+05:30 DEBUG 931736 --- [eccomerce] [           main] o.s.b.f.s.DefaultListableBeanFactory     : Creating shared instance of singleton bean 'jpa.AddressRepository.fragments#0'
2024-10-02T10:01:49.865+05:30 DEBUG 931736 --- [eccomerce] [           main] tor$SharedEntityManagerInvocationHandler : Creating new EntityManager for shared EntityManager invocation
2024-10-02T10:01:49.866+05:30 DEBUG 931736 --- [eccomerce] [           main] o.s.d.r.c.s.RepositoryFactorySupport     : Initializing repository instance for com.app.repository.AddressRepository…
2024-10-02T10:01:49.868+05:30 DEBUG 931736 --- [eccomerce] [           main] tor$SharedEntityManagerInvocationHandler : Creating new EntityManager for shared EntityManager invocation
2024-10-02T10:01:49.878+05:30 DEBUG 931736 --- [eccomerce] [           main] o.s.d.r.c.s.RepositoryFactorySupport     : Finished creation of repository instance for com.app.repository.AddressRepository.
2024-10-02T10:01:49.880+05:30 DEBUG 931736 --- [eccomerce] [           main] o.s.b.f.s.DefaultListableBeanFactory     : Creating shared instance of singleton bean 'orderItemRepository'
2024-10-02T10:01:49.881+05:30 DEBUG 931736 --- [eccomerce] [           main] o.s.b.f.s.DefaultListableBeanFactory     : Creating shared instance of singleton bean 'jpa.named-queries#3'
2024-10-02T10:01:49.883+05:30 DEBUG 931736 --- [eccomerce] [           main] o.s.b.f.s.DefaultListableBeanFactory     : Creating shared instance of singleton bean 'jpa.OrderItemRepository.fragments#0'
2024-10-02T10:01:49.893+05:30 DEBUG 931736 --- [eccomerce] [           main] tor$SharedEntityManagerInvocationHandler : Creating new EntityManager for shared EntityManager invocation
2024-10-02T10:01:49.895+05:30 DEBUG 931736 --- [eccomerce] [           main] o.s.d.r.c.s.RepositoryFactorySupport     : Initializing repository instance for com.app.repository.OrderItemRepository…
2024-10-02T10:01:49.896+05:30 DEBUG 931736 --- [eccomerce] [           main] tor$SharedEntityManagerInvocationHandler : Creating new EntityManager for shared EntityManager invocation
2024-10-02T10:01:49.904+05:30 DEBUG 931736 --- [eccomerce] [           main] o.s.d.r.c.s.RepositoryFactorySupport     : Finished creation of repository instance for com.app.repository.OrderItemRepository.
2024-10-02T10:01:49.906+05:30 DEBUG 931736 --- [eccomerce] [           main] o.s.b.f.s.DefaultListableBeanFactory     : Creating shared instance of singleton bean 'orderItemServiceImpl'
2024-10-02T10:01:49.910+05:30 DEBUG 931736 --- [eccomerce] [           main] o.s.b.f.s.DefaultListableBeanFactory     : Creating shared instance of singleton bean 'adminProductController'
2024-10-02T10:01:49.918+05:30 DEBUG 931736 --- [eccomerce] [           main] o.s.b.f.s.DefaultListableBeanFactory     : Creating shared instance of singleton bean 'authController'
2024-10-02T10:01:49.972+05:30 DEBUG 931736 --- [eccomerce] [           main] o.s.b.f.s.DefaultListableBeanFactory     : Creating shared instance of singleton bean 'authenticationManager'
2024-10-02T10:01:49.973+05:30 DEBUG 931736 --- [eccomerce] [           main] o.s.b.f.s.DefaultListableBeanFactory     : Creating shared instance of singleton bean 'webSecurityConfig'
2024-10-02T10:01:49.974+05:30 DEBUG 931736 --- [eccomerce] [           main] o.s.b.f.s.DefaultListableBeanFactory     : Creating shared instance of singleton bean 'userDetailsServiceImpl'
2024-10-02T10:01:49.986+05:30 DEBUG 931736 --- [eccomerce] [           main] o.s.b.f.s.DefaultListableBeanFactory     : Creating shared instance of singleton bean 'authEntryPointJwt'
2024-10-02T10:01:49.989+05:30 DEBUG 931736 --- [eccomerce] [           main] o.s.b.f.s.DefaultListableBeanFactory     : Creating shared instance of singleton bean 'org.springframework.security.config.annotation.authentication.configuration.AuthenticationConfiguration'
2024-10-02T10:01:49.993+05:30 DEBUG 931736 --- [eccomerce] [           main] o.s.b.f.s.DefaultListableBeanFactory     : Creating shared instance of singleton bean 'enableGlobalAuthenticationAutowiredConfigurer'
2024-10-02T10:01:49.994+05:30 DEBUG 931736 --- [eccomerce] [           main] o.s.b.f.s.DefaultListableBeanFactory     : Autowiring by type from bean name 'enableGlobalAuthenticationAutowiredConfigurer' via factory method to bean named 'org.springframework.web.context.support.GenericWebApplicationContext@65327f5'
2024-10-02T10:01:49.997+05:30 DEBUG 931736 --- [eccomerce] [           main] o.s.b.f.s.DefaultListableBeanFactory     : Creating shared instance of singleton bean 'initializeUserDetailsBeanManagerConfigurer'
2024-10-02T10:01:49.998+05:30 DEBUG 931736 --- [eccomerce] [           main] o.s.b.f.s.DefaultListableBeanFactory     : Autowiring by type from bean name 'initializeUserDetailsBeanManagerConfigurer' via factory method to bean named 'org.springframework.web.context.support.GenericWebApplicationContext@65327f5'
2024-10-02T10:01:50.000+05:30 DEBUG 931736 --- [eccomerce] [           main] o.s.b.f.s.DefaultListableBeanFactory     : Creating shared instance of singleton bean 'initializeAuthenticationProviderBeanManagerConfigurer'
2024-10-02T10:01:50.001+05:30 DEBUG 931736 --- [eccomerce] [           main] o.s.b.f.s.DefaultListableBeanFactory     : Autowiring by type from bean name 'initializeAuthenticationProviderBeanManagerConfigurer' via factory method to bean named 'org.springframework.web.context.support.GenericWebApplicationContext@65327f5'
2024-10-02T10:01:50.003+05:30 DEBUG 931736 --- [eccomerce] [           main] o.s.b.f.s.DefaultListableBeanFactory     : Creating shared instance of singleton bean 'objectPostProcessor'
2024-10-02T10:01:50.004+05:30 DEBUG 931736 --- [eccomerce] [           main] o.s.b.f.s.DefaultListableBeanFactory     : Creating shared instance of singleton bean 'org.springframework.security.config.annotation.configuration.ObjectPostProcessorConfiguration'
2024-10-02T10:01:50.005+05:30 DEBUG 931736 --- [eccomerce] [           main] o.s.b.f.s.DefaultListableBeanFactory     : Autowiring by type from bean name 'objectPostProcessor' via factory method to bean named 'org.springframework.beans.factory.support.DefaultListableBeanFactory@6be25526'
2024-10-02T10:01:50.007+05:30 DEBUG 931736 --- [eccomerce] [           main] o.s.b.f.s.DefaultListableBeanFactory     : Autowiring by type from bean name 'authenticationManager' via factory method to bean named 'org.springframework.security.config.annotation.authentication.configuration.AuthenticationConfiguration'
2024-10-02T10:01:50.009+05:30 DEBUG 931736 --- [eccomerce] [           main] o.s.b.f.s.DefaultListableBeanFactory     : Creating shared instance of singleton bean 'authenticationManagerBuilder'
2024-10-02T10:01:50.009+05:30 DEBUG 931736 --- [eccomerce] [           main] o.s.b.f.s.DefaultListableBeanFactory     : Autowiring by type from bean name 'authenticationManagerBuilder' via factory method to bean named 'objectPostProcessor'
2024-10-02T10:01:50.009+05:30 DEBUG 931736 --- [eccomerce] [           main] o.s.b.f.s.DefaultListableBeanFactory     : Autowiring by type from bean name 'authenticationManagerBuilder' via factory method to bean named 'org.springframework.web.context.support.GenericWebApplicationContext@65327f5'
2024-10-02T10:01:50.011+05:30 DEBUG 931736 --- [eccomerce] [           main] o.s.b.f.s.DefaultListableBeanFactory     : Creating shared instance of singleton bean 'authenticationEventPublisher'
2024-10-02T10:01:50.011+05:30 DEBUG 931736 --- [eccomerce] [           main] o.s.b.f.s.DefaultListableBeanFactory     : Creating shared instance of singleton bean 'org.springframework.boot.autoconfigure.security.servlet.SecurityAutoConfiguration'
2024-10-02T10:01:50.012+05:30 DEBUG 931736 --- [eccomerce] [           main] o.s.b.f.s.DefaultListableBeanFactory     : Autowiring by type from bean name 'authenticationEventPublisher' via factory method to bean named 'org.springframework.web.context.support.GenericWebApplicationContext@65327f5'
2024-10-02T10:01:50.085+05:30 DEBUG 931736 --- [eccomerce] [           main] o.s.b.f.s.DefaultListableBeanFactory     : Creating shared instance of singleton bean 'authenticationProvider'
2024-10-02T10:01:50.128+05:30 DEBUG 931736 --- [eccomerce] [           main] o.s.b.f.s.DefaultListableBeanFactory     : Creating shared instance of singleton bean 'passwordEncoder'
2024-10-02T10:01:50.135+05:30  INFO 931736 --- [eccomerce] [           main] eAuthenticationProviderManagerConfigurer : Global AuthenticationManager configured with AuthenticationProvider bean with name authenticationProvider
2024-10-02T10:01:50.136+05:30  WARN 931736 --- [eccomerce] [           main] r$InitializeUserDetailsManagerConfigurer : Global AuthenticationManager configured with an AuthenticationProvider bean. UserDetailsService beans will not be used for username/password login. Consider removing the AuthenticationProvider bean. Alternatively, consider using the UserDetailsService in a manually instantiated DaoAuthenticationProvider.
2024-10-02T10:01:50.140+05:30 DEBUG 931736 --- [eccomerce] [           main] o.s.b.f.s.DefaultListableBeanFactory     : Creating shared instance of singleton bean 'authServiceImpl'
2024-10-02T10:01:50.141+05:30 DEBUG 931736 --- [eccomerce] [           main] o.s.b.f.s.DefaultListableBeanFactory     : Creating shared instance of singleton bean 'roleRepository'
2024-10-02T10:01:50.143+05:30 DEBUG 931736 --- [eccomerce] [           main] o.s.b.f.s.DefaultListableBeanFactory     : Creating shared instance of singleton bean 'jpa.named-queries#2'
2024-10-02T10:01:50.144+05:30 DEBUG 931736 --- [eccomerce] [           main] o.s.b.f.s.DefaultListableBeanFactory     : Creating shared instance of singleton bean 'jpa.RoleRepository.fragments#0'
2024-10-02T10:01:50.146+05:30 DEBUG 931736 --- [eccomerce] [           main] tor$SharedEntityManagerInvocationHandler : Creating new EntityManager for shared EntityManager invocation
2024-10-02T10:01:50.149+05:30 DEBUG 931736 --- [eccomerce] [           main] o.s.d.r.c.s.RepositoryFactorySupport     : Initializing repository instance for com.app.repository.RoleRepository…
2024-10-02T10:01:50.150+05:30 DEBUG 931736 --- [eccomerce] [           main] tor$SharedEntityManagerInvocationHandler : Creating new EntityManager for shared EntityManager invocation
2024-10-02T10:01:50.155+05:30 DEBUG 931736 --- [eccomerce] [           main] o.s.d.jpa.repository.query.NamedQuery    : Looking up named query Role.findByRoleName
2024-10-02T10:01:50.155+05:30 DEBUG 931736 --- [eccomerce] [           main] o.s.d.jpa.repository.query.NamedQuery    : Did not find named query Role.findByRoleName
2024-10-02T10:01:50.155+05:30 DEBUG 931736 --- [eccomerce] [           main] tor$SharedEntityManagerInvocationHandler : Creating new EntityManager for shared EntityManager invocation
2024-10-02T10:01:50.162+05:30 DEBUG 931736 --- [eccomerce] [           main] o.s.d.r.c.s.RepositoryFactorySupport     : Finished creation of repository instance for com.app.repository.RoleRepository.
2024-10-02T10:01:50.177+05:30 DEBUG 931736 --- [eccomerce] [           main] o.s.b.f.s.DefaultListableBeanFactory     : Creating shared instance of singleton bean 'cartController'
2024-10-02T10:01:50.179+05:30 DEBUG 931736 --- [eccomerce] [           main] o.s.b.f.s.DefaultListableBeanFactory     : Creating shared instance of singleton bean 'orderController'
2024-10-02T10:01:50.184+05:30 DEBUG 931736 --- [eccomerce] [           main] o.s.b.f.s.DefaultListableBeanFactory     : Creating shared instance of singleton bean 'productController'
2024-10-02T10:01:50.186+05:30 DEBUG 931736 --- [eccomerce] [           main] o.s.b.f.s.DefaultListableBeanFactory     : Creating shared instance of singleton bean 'userController'
2024-10-02T10:01:50.187+05:30 DEBUG 931736 --- [eccomerce] [           main] o.s.b.f.s.DefaultListableBeanFactory     : Creating shared instance of singleton bean 'myGlobalExceptionHandler'
2024-10-02T10:01:50.193+05:30 DEBUG 931736 --- [eccomerce] [           main] o.s.b.f.s.DefaultListableBeanFactory     : Creating shared instance of singleton bean 'authTokenFilter'
2024-10-02T10:01:50.198+05:30 DEBUG 931736 --- [eccomerce] [           main] o.s.b.f.s.DefaultListableBeanFactory     : Creating shared instance of singleton bean 'org.springframework.security.config.annotation.web.configuration.WebSecurityConfiguration'
2024-10-02T10:01:50.202+05:30 DEBUG 931736 --- [eccomerce] [           main] o.s.b.f.s.DefaultListableBeanFactory     : Creating shared instance of singleton bean 'org.springframework.security.config.annotation.web.configuration.HttpSecurityConfiguration'
2024-10-02T10:01:50.220+05:30 DEBUG 931736 --- [eccomerce] [           main] o.s.b.f.s.DefaultListableBeanFactory     : Creating shared instance of singleton bean 'mvcContentNegotiationManager'
2024-10-02T10:01:50.220+05:30 DEBUG 931736 --- [eccomerce] [           main] o.s.b.f.s.DefaultListableBeanFactory     : Creating shared instance of singleton bean 'org.springframework.boot.autoconfigure.web.servlet.WebMvcAutoConfiguration$EnableWebMvcConfiguration'
2024-10-02T10:01:50.221+05:30 DEBUG 931736 --- [eccomerce] [           main] o.s.b.f.s.DefaultListableBeanFactory     : Creating shared instance of singleton bean 'spring.mvc-org.springframework.boot.autoconfigure.web.servlet.WebMvcProperties'
2024-10-02T10:01:50.239+05:30 DEBUG 931736 --- [eccomerce] [           main] o.s.b.f.s.DefaultListableBeanFactory     : Creating shared instance of singleton bean 'spring.web-org.springframework.boot.autoconfigure.web.WebProperties'
2024-10-02T10:01:50.245+05:30 DEBUG 931736 --- [eccomerce] [           main] o.s.b.f.s.DefaultListableBeanFactory     : Autowiring by type from bean name 'org.springframework.boot.autoconfigure.web.servlet.WebMvcAutoConfiguration$EnableWebMvcConfiguration' via constructor to bean named 'spring.mvc-org.springframework.boot.autoconfigure.web.servlet.WebMvcProperties'
2024-10-02T10:01:50.245+05:30 DEBUG 931736 --- [eccomerce] [           main] o.s.b.f.s.DefaultListableBeanFactory     : Autowiring by type from bean name 'org.springframework.boot.autoconfigure.web.servlet.WebMvcAutoConfiguration$EnableWebMvcConfiguration' via constructor to bean named 'spring.web-org.springframework.boot.autoconfigure.web.WebProperties'
2024-10-02T10:01:50.245+05:30 DEBUG 931736 --- [eccomerce] [           main] o.s.b.f.s.DefaultListableBeanFactory     : Autowiring by type from bean name 'org.springframework.boot.autoconfigure.web.servlet.WebMvcAutoConfiguration$EnableWebMvcConfiguration' via constructor to bean named 'org.springframework.beans.factory.support.DefaultListableBeanFactory@6be25526'
2024-10-02T10:01:50.253+05:30 DEBUG 931736 --- [eccomerce] [           main] o.s.b.f.s.DefaultListableBeanFactory     : Creating shared instance of singleton bean 'org.springframework.security.config.annotation.web.configuration.WebMvcSecurityConfiguration'
2024-10-02T10:01:50.255+05:30 DEBUG 931736 --- [eccomerce] [           main] o.s.b.f.s.DefaultListableBeanFactory     : Creating shared instance of singleton bean 'org.springframework.boot.autoconfigure.web.servlet.WebMvcAutoConfiguration$WebMvcAutoConfigurationAdapter'
2024-10-02T10:01:50.256+05:30 DEBUG 931736 --- [eccomerce] [           main] o.s.b.f.s.DefaultListableBeanFactory     : Autowiring by type from bean name 'org.springframework.boot.autoconfigure.web.servlet.WebMvcAutoConfiguration$WebMvcAutoConfigurationAdapter' via constructor to bean named 'spring.web-org.springframework.boot.autoconfigure.web.WebProperties'
2024-10-02T10:01:50.256+05:30 DEBUG 931736 --- [eccomerce] [           main] o.s.b.f.s.DefaultListableBeanFactory     : Autowiring by type from bean name 'org.springframework.boot.autoconfigure.web.servlet.WebMvcAutoConfiguration$WebMvcAutoConfigurationAdapter' via constructor to bean named 'spring.mvc-org.springframework.boot.autoconfigure.web.servlet.WebMvcProperties'
2024-10-02T10:01:50.256+05:30 DEBUG 931736 --- [eccomerce] [           main] o.s.b.f.s.DefaultListableBeanFactory     : Autowiring by type from bean name 'org.springframework.boot.autoconfigure.web.servlet.WebMvcAutoConfiguration$WebMvcAutoConfigurationAdapter' via constructor to bean named 'org.springframework.beans.factory.support.DefaultListableBeanFactory@6be25526'
2024-10-02T10:01:50.261+05:30 DEBUG 931736 --- [eccomerce] [           main] o.s.b.f.s.DefaultListableBeanFactory     : Creating shared instance of singleton bean 'org.springframework.data.web.config.SpringDataWebConfiguration'
2024-10-02T10:01:50.264+05:30 DEBUG 931736 --- [eccomerce] [           main] o.s.b.f.s.DefaultListableBeanFactory     : Autowiring by type from bean name 'org.springframework.data.web.config.SpringDataWebConfiguration' via constructor to bean named 'org.springframework.web.context.support.GenericWebApplicationContext@65327f5'
2024-10-02T10:01:50.407+05:30 DEBUG 931736 --- [eccomerce] [           main] o.s.b.f.s.DefaultListableBeanFactory     : Creating shared instance of singleton bean 'mvcHandlerMappingIntrospectorRequestTransformer'
2024-10-02T10:01:50.408+05:30 DEBUG 931736 --- [eccomerce] [           main] o.s.b.f.s.DefaultListableBeanFactory     : Creating shared instance of singleton bean 'mvcHandlerMappingIntrospector'
2024-10-02T10:01:50.419+05:30 DEBUG 931736 --- [eccomerce] [           main] o.s.b.f.s.DefaultListableBeanFactory     : Creating shared instance of singleton bean 'welcomePageHandlerMapping'
2024-10-02T10:01:50.420+05:30 DEBUG 931736 --- [eccomerce] [           main] o.s.b.f.s.DefaultListableBeanFactory     : Creating shared instance of singleton bean 'mvcConversionService'
2024-10-02T10:01:50.448+05:30 DEBUG 931736 --- [eccomerce] [           main] o.s.b.f.s.DefaultListableBeanFactory     : Creating shared instance of singleton bean 'mvcResourceUrlProvider'
2024-10-02T10:01:50.455+05:30 DEBUG 931736 --- [eccomerce] [           main] o.s.b.f.s.DefaultListableBeanFactory     : Autowiring by type from bean name 'welcomePageHandlerMapping' via factory method to bean named 'org.springframework.web.context.support.GenericWebApplicationContext@65327f5'
2024-10-02T10:01:50.455+05:30 DEBUG 931736 --- [eccomerce] [           main] o.s.b.f.s.DefaultListableBeanFactory     : Autowiring by type from bean name 'welcomePageHandlerMapping' via factory method to bean named 'mvcConversionService'
2024-10-02T10:01:50.455+05:30 DEBUG 931736 --- [eccomerce] [           main] o.s.b.f.s.DefaultListableBeanFactory     : Autowiring by type from bean name 'welcomePageHandlerMapping' via factory method to bean named 'mvcResourceUrlProvider'
2024-10-02T10:01:50.494+05:30 DEBUG 931736 --- [eccomerce] [           main] o.s.b.f.s.DefaultListableBeanFactory     : Creating shared instance of singleton bean 'welcomePageNotAcceptableHandlerMapping'
2024-10-02T10:01:50.495+05:30 DEBUG 931736 --- [eccomerce] [           main] o.s.b.f.s.DefaultListableBeanFactory     : Autowiring by type from bean name 'welcomePageNotAcceptableHandlerMapping' via factory method to bean named 'org.springframework.web.context.support.GenericWebApplicationContext@65327f5'
2024-10-02T10:01:50.495+05:30 DEBUG 931736 --- [eccomerce] [           main] o.s.b.f.s.DefaultListableBeanFactory     : Autowiring by type from bean name 'welcomePageNotAcceptableHandlerMapping' via factory method to bean named 'mvcConversionService'
2024-10-02T10:01:50.495+05:30 DEBUG 931736 --- [eccomerce] [           main] o.s.b.f.s.DefaultListableBeanFactory     : Autowiring by type from bean name 'welcomePageNotAcceptableHandlerMapping' via factory method to bean named 'mvcResourceUrlProvider'
2024-10-02T10:01:50.505+05:30 DEBUG 931736 --- [eccomerce] [           main] o.s.b.f.s.DefaultListableBeanFactory     : Creating shared instance of singleton bean 'requestMappingHandlerMapping'
2024-10-02T10:01:50.508+05:30 DEBUG 931736 --- [eccomerce] [           main] o.s.b.f.s.DefaultListableBeanFactory     : Autowiring by type from bean name 'requestMappingHandlerMapping' via factory method to bean named 'mvcContentNegotiationManager'
2024-10-02T10:01:50.510+05:30 DEBUG 931736 --- [eccomerce] [           main] o.s.b.f.s.DefaultListableBeanFactory     : Autowiring by type from bean name 'requestMappingHandlerMapping' via factory method to bean named 'mvcConversionService'
2024-10-02T10:01:50.510+05:30 DEBUG 931736 --- [eccomerce] [           main] o.s.b.f.s.DefaultListableBeanFactory     : Autowiring by type from bean name 'requestMappingHandlerMapping' via factory method to bean named 'mvcResourceUrlProvider'
2024-10-02T10:01:50.669+05:30 DEBUG 931736 --- [eccomerce] [           main] s.w.s.m.m.a.RequestMappingHandlerMapping : 24 mappings in 'requestMappingHandlerMapping'
2024-10-02T10:01:50.678+05:30 DEBUG 931736 --- [eccomerce] [           main] o.s.b.f.s.DefaultListableBeanFactory     : Creating shared instance of singleton bean 'viewControllerHandlerMapping'
2024-10-02T10:01:50.681+05:30 DEBUG 931736 --- [eccomerce] [           main] o.s.b.f.s.DefaultListableBeanFactory     : Autowiring by type from bean name 'viewControllerHandlerMapping' via factory method to bean named 'mvcConversionService'
2024-10-02T10:01:50.681+05:30 DEBUG 931736 --- [eccomerce] [           main] o.s.b.f.s.DefaultListableBeanFactory     : Autowiring by type from bean name 'viewControllerHandlerMapping' via factory method to bean named 'mvcResourceUrlProvider'
2024-10-02T10:01:50.683+05:30 DEBUG 931736 --- [eccomerce] [           main] o.s.b.f.s.DefaultListableBeanFactory     : Creating shared instance of singleton bean 'beanNameHandlerMapping'
2024-10-02T10:01:50.684+05:30 DEBUG 931736 --- [eccomerce] [           main] o.s.b.f.s.DefaultListableBeanFactory     : Autowiring by type from bean name 'beanNameHandlerMapping' via factory method to bean named 'mvcConversionService'
2024-10-02T10:01:50.684+05:30 DEBUG 931736 --- [eccomerce] [           main] o.s.b.f.s.DefaultListableBeanFactory     : Autowiring by type from bean name 'beanNameHandlerMapping' via factory method to bean named 'mvcResourceUrlProvider'
2024-10-02T10:01:50.689+05:30 DEBUG 931736 --- [eccomerce] [           main] o.s.b.f.s.DefaultListableBeanFactory     : Creating shared instance of singleton bean 'routerFunctionMapping'
2024-10-02T10:01:50.690+05:30 DEBUG 931736 --- [eccomerce] [           main] o.s.b.f.s.DefaultListableBeanFactory     : Autowiring by type from bean name 'routerFunctionMapping' via factory method to bean named 'mvcConversionService'
2024-10-02T10:01:50.690+05:30 DEBUG 931736 --- [eccomerce] [           main] o.s.b.f.s.DefaultListableBeanFactory     : Autowiring by type from bean name 'routerFunctionMapping' via factory method to bean named 'mvcResourceUrlProvider'
2024-10-02T10:01:50.693+05:30 DEBUG 931736 --- [eccomerce] [           main] o.s.b.f.s.DefaultListableBeanFactory     : Creating shared instance of singleton bean 'messageConverters'
2024-10-02T10:01:50.694+05:30 DEBUG 931736 --- [eccomerce] [           main] o.s.b.f.s.DefaultListableBeanFactory     : Creating shared instance of singleton bean 'org.springframework.boot.autoconfigure.http.HttpMessageConvertersAutoConfiguration'
2024-10-02T10:01:50.703+05:30 DEBUG 931736 --- [eccomerce] [           main] o.s.b.f.s.DefaultListableBeanFactory     : Creating shared instance of singleton bean 'stringHttpMessageConverter'
2024-10-02T10:01:50.703+05:30 DEBUG 931736 --- [eccomerce] [           main] o.s.b.f.s.DefaultListableBeanFactory     : Creating shared instance of singleton bean 'org.springframework.boot.autoconfigure.http.HttpMessageConvertersAutoConfiguration$StringHttpMessageConverterConfiguration'
2024-10-02T10:01:50.706+05:30 DEBUG 931736 --- [eccomerce] [           main] o.s.b.f.s.DefaultListableBeanFactory     : Autowiring by type from bean name 'stringHttpMessageConverter' via factory method to bean named 'environment'
2024-10-02T10:01:50.719+05:30 DEBUG 931736 --- [eccomerce] [           main] o.s.b.f.s.DefaultListableBeanFactory     : Creating shared instance of singleton bean 'mappingJackson2HttpMessageConverter'
2024-10-02T10:01:50.719+05:30 DEBUG 931736 --- [eccomerce] [           main] o.s.b.f.s.DefaultListableBeanFactory     : Creating shared instance of singleton bean 'org.springframework.boot.autoconfigure.http.JacksonHttpMessageConvertersConfiguration$MappingJackson2HttpMessageConverterConfiguration'
2024-10-02T10:01:50.723+05:30 DEBUG 931736 --- [eccomerce] [           main] o.s.b.f.s.DefaultListableBeanFactory     : Creating shared instance of singleton bean 'jacksonObjectMapper'
2024-10-02T10:01:50.723+05:30 DEBUG 931736 --- [eccomerce] [           main] o.s.b.f.s.DefaultListableBeanFactory     : Creating shared instance of singleton bean 'org.springframework.boot.autoconfigure.jackson.JacksonAutoConfiguration$JacksonObjectMapperConfiguration'
2024-10-02T10:01:50.726+05:30 DEBUG 931736 --- [eccomerce] [           main] o.s.b.f.s.DefaultListableBeanFactory     : Creating shared instance of singleton bean 'org.springframework.boot.autoconfigure.jackson.JacksonAutoConfiguration$JacksonObjectMapperBuilderConfiguration'
2024-10-02T10:01:50.728+05:30 DEBUG 931736 --- [eccomerce] [           main] o.s.b.f.s.DefaultListableBeanFactory     : Creating shared instance of singleton bean 'standardJacksonObjectMapperBuilderCustomizer'
2024-10-02T10:01:50.729+05:30 DEBUG 931736 --- [eccomerce] [           main] o.s.b.f.s.DefaultListableBeanFactory     : Creating shared instance of singleton bean 'org.springframework.boot.autoconfigure.jackson.JacksonAutoConfiguration$Jackson2ObjectMapperBuilderCustomizerConfiguration'
2024-10-02T10:01:50.734+05:30 DEBUG 931736 --- [eccomerce] [           main] o.s.b.f.s.DefaultListableBeanFactory     : Creating shared instance of singleton bean 'spring.jackson-org.springframework.boot.autoconfigure.jackson.JacksonProperties'
2024-10-02T10:01:50.750+05:30 DEBUG 931736 --- [eccomerce] [           main] o.s.b.f.s.DefaultListableBeanFactory     : Autowiring by type from bean name 'standardJacksonObjectMapperBuilderCustomizer' via factory method to bean named 'spring.jackson-org.springframework.boot.autoconfigure.jackson.JacksonProperties'
2024-10-02T10:01:50.752+05:30 DEBUG 931736 --- [eccomerce] [           main] o.s.b.f.s.DefaultListableBeanFactory     : Creating shared instance of singleton bean 'parameterNamesModule'
2024-10-02T10:01:50.753+05:30 DEBUG 931736 --- [eccomerce] [           main] o.s.b.f.s.DefaultListableBeanFactory     : Creating shared instance of singleton bean 'org.springframework.boot.autoconfigure.jackson.JacksonAutoConfiguration$ParameterNamesModuleConfiguration'
2024-10-02T10:01:50.761+05:30 DEBUG 931736 --- [eccomerce] [           main] o.s.b.f.s.DefaultListableBeanFactory     : Creating shared instance of singleton bean 'jsonMixinModule'
2024-10-02T10:01:50.761+05:30 DEBUG 931736 --- [eccomerce] [           main] o.s.b.f.s.DefaultListableBeanFactory     : Creating shared instance of singleton bean 'org.springframework.boot.autoconfigure.jackson.JacksonAutoConfiguration$JacksonMixinConfiguration'
2024-10-02T10:01:50.764+05:30 DEBUG 931736 --- [eccomerce] [           main] o.s.b.f.s.DefaultListableBeanFactory     : Creating shared instance of singleton bean 'jsonMixinModuleEntries'
2024-10-02T10:01:50.765+05:30 DEBUG 931736 --- [eccomerce] [           main] o.s.b.f.s.DefaultListableBeanFactory     : Autowiring by type from bean name 'jsonMixinModuleEntries' via factory method to bean named 'org.springframework.web.context.support.GenericWebApplicationContext@65327f5'
2024-10-02T10:01:50.789+05:30 DEBUG 931736 --- [eccomerce] [           main] o.s.b.f.s.DefaultListableBeanFactory     : Autowiring by type from bean name 'jsonMixinModule' via factory method to bean named 'org.springframework.web.context.support.GenericWebApplicationContext@65327f5'
2024-10-02T10:01:50.789+05:30 DEBUG 931736 --- [eccomerce] [           main] o.s.b.f.s.DefaultListableBeanFactory     : Autowiring by type from bean name 'jsonMixinModule' via factory method to bean named 'jsonMixinModuleEntries'
2024-10-02T10:01:50.794+05:30 DEBUG 931736 --- [eccomerce] [           main] o.s.b.f.s.DefaultListableBeanFactory     : Creating shared instance of singleton bean 'jsonComponentModule'
2024-10-02T10:01:50.795+05:30 DEBUG 931736 --- [eccomerce] [           main] o.s.b.f.s.DefaultListableBeanFactory     : Creating shared instance of singleton bean 'org.springframework.boot.autoconfigure.jackson.JacksonAutoConfiguration'
2024-10-02T10:01:50.811+05:30 DEBUG 931736 --- [eccomerce] [           main] o.s.b.f.s.DefaultListableBeanFactory     : Creating shared instance of singleton bean 'jacksonGeoModule'
2024-10-02T10:01:50.811+05:30 DEBUG 931736 --- [eccomerce] [           main] o.s.b.f.s.DefaultListableBeanFactory     : Creating shared instance of singleton bean 'org.springframework.data.web.config.SpringDataJacksonConfiguration'
2024-10-02T10:01:50.815+05:30 DEBUG 931736 --- [eccomerce] [           main] o.s.b.f.s.DefaultListableBeanFactory     : Creating shared instance of singleton bean 'org.springframework.data.web.config.SpringDataWebSettings'
2024-10-02T10:01:50.824+05:30 DEBUG 931736 --- [eccomerce] [           main] o.s.b.f.s.DefaultListableBeanFactory     : Creating shared instance of singleton bean 'pageModule'
2024-10-02T10:01:50.829+05:30 DEBUG 931736 --- [eccomerce] [           main] o.s.b.f.s.DefaultListableBeanFactory     : Autowiring by type from bean name 'jacksonObjectMapperBuilder' via factory method to bean named 'org.springframework.web.context.support.GenericWebApplicationContext@65327f5'
2024-10-02T10:01:50.830+05:30 DEBUG 931736 --- [eccomerce] [           main] o.s.b.f.s.DefaultListableBeanFactory     : Autowiring by type from bean name 'jacksonObjectMapperBuilder' via factory method to bean named 'standardJacksonObjectMapperBuilderCustomizer'
[...]

   ReactiveWebServerFactoryAutoConfiguration:
      Did not match:
         - @ConditionalOnWebApplication did not find reactive web application classes (OnWebApplicationCondition)

   ReactorAutoConfiguration:
      Did not match:
         - @ConditionalOnClass did not find required class 'reactor.core.publisher.Hooks' (OnClassCondition)

   RedisAutoConfiguration:
      Did not match:
         - @ConditionalOnClass did not find required class 'org.springframework.data.redis.core.RedisOperations' (OnClassCondition)

   RedisCacheConfiguration:
      Did not match:
         - @ConditionalOnClass did not find required class 'org.springframework.data.redis.connection.RedisConnectionFactory' (OnClassCondition)

   RedisReactiveAutoConfiguration:
      Did not match:
         - @ConditionalOnClass did not find required class 'reactor.core.publisher.Flux' (OnClassCondition)

   RedisRepositoriesAutoConfiguration:
      Did not match:
         - @ConditionalOnClass did not find required class 'org.springframework.data.redis.repository.configuration.EnableRedisRepositories' (OnClassCondition)

   RemoteDevToolsAutoConfiguration:
      Did not match:
         - @ConditionalOnProperty (spring.devtools.remote.secret) did not find property 'secret' (OnPropertyCondition)
      Matched:
         - @ConditionalOnClass found required classes 'jakarta.servlet.Filter', 'org.springframework.http.server.ServerHttpRequest' (OnClassCondition)

   RepositoryRestMvcAutoConfiguration:
      Did not match:
         - @ConditionalOnClass did not find required class 'org.springframework.data.rest.webmvc.config.RepositoryRestMvcConfiguration' (OnClassCondition)

   Saml2RelyingPartyAutoConfiguration:
      Did not match:
         - @ConditionalOnClass did not find required class 'org.springframework.security.saml2.provider.service.registration.RelyingPartyRegistrationRepository' (OnClassCondition)

   SecurityDataConfiguration:
      Did not match:
         - @ConditionalOnClass did not find required class 'org.springframework.security.data.repository.query.SecurityEvaluationContextExtension' (OnClassCondition)

   SendGridAutoConfiguration:
      Did not match:
         - @ConditionalOnClass did not find required class 'com.sendgrid.SendGrid' (OnClassCondition)

   ServletWebServerFactoryAutoConfiguration.ForwardedHeaderFilterConfiguration:
      Did not match:
         - @ConditionalOnProperty (server.forward-headers-strategy=framework) did not find property 'server.forward-headers-strategy' (OnPropertyCondition)

   ServletWebServerFactoryConfiguration.EmbeddedJetty:
      Did not match:
         - @ConditionalOnClass did not find required classes 'org.eclipse.jetty.server.Server', 'org.eclipse.jetty.util.Loader', 'org.eclipse.jetty.ee10.webapp.WebAppContext' (OnClassCondition)

   ServletWebServerFactoryConfiguration.EmbeddedUndertow:
      Did not match:
         - @ConditionalOnClass did not find required classes 'io.undertow.Undertow', 'org.xnio.SslClientAuthMode' (OnClassCondition)

   SessionAutoConfiguration:
      Did not match:
         - @ConditionalOnClass did not find required class 'org.springframework.session.Session' (OnClassCondition)

   SpringApplicationAdminJmxAutoConfiguration:
      Did not match:
         - @ConditionalOnProperty (spring.application.admin.enabled=true) did not find property 'enabled' (OnPropertyCondition)

   SpringBootWebSecurityConfiguration.SecurityFilterChainConfiguration:
      Did not match:
         - AllNestedConditions 1 matched 1 did not; NestedCondition on DefaultWebSecurityCondition.Beans @ConditionalOnMissingBean (types: org.springframework.security.web.SecurityFilterChain; SearchStrategy: all) found beans of type 'org.springframework.security.web.SecurityFilterChain' filterChain; NestedCondition on DefaultWebSecurityCondition.Classes @ConditionalOnClass found required classes 'org.springframework.security.web.SecurityFilterChain', 'org.springframework.security.config.annotation.web.builders.HttpSecurity' (DefaultWebSecurityCondition)

   SpringBootWebSecurityConfiguration.WebSecurityEnablerConfiguration:
      Did not match:
         - @ConditionalOnMissingBean (names: springSecurityFilterChain; SearchStrategy: all) found beans named springSecurityFilterChain (OnBeanCondition)
      Matched:
         - @ConditionalOnClass found required class 'org.springframework.security.config.annotation.web.configuration.EnableWebSecurity' (OnClassCondition)

   TaskExecutorConfigurations.SimpleAsyncTaskExecutorBuilderConfiguration#simpleAsyncTaskExecutorBuilderVirtualThreads:
      Did not match:
         - @ConditionalOnMissingBean (types: org.springframework.boot.task.SimpleAsyncTaskExecutorBuilder; SearchStrategy: all) found beans of type 'org.springframework.boot.task.SimpleAsyncTaskExecutorBuilder' simpleAsyncTaskExecutorBuilder (OnBeanCondition)

   TaskExecutorConfigurations.TaskExecutorConfiguration#applicationTaskExecutorVirtualThreads:
      Did not match:
         - @ConditionalOnThreading did not find VIRTUAL (OnThreadingCondition)

   TaskSchedulingAutoConfiguration#scheduledBeanLazyInitializationExcludeFilter:
      Did not match:
         - @ConditionalOnBean (names: org.springframework.context.annotation.internalScheduledAnnotationProcessor; SearchStrategy: all) did not find any beans named org.springframework.context.annotation.internalScheduledAnnotationProcessor (OnBeanCondition)

   TaskSchedulingConfigurations.SimpleAsyncTaskSchedulerBuilderConfiguration#simpleAsyncTaskSchedulerBuilderVirtualThreads:
      Did not match:
         - @ConditionalOnMissingBean (types: org.springframework.boot.task.SimpleAsyncTaskSchedulerBuilder; SearchStrategy: all) found beans of type 'org.springframework.boot.task.SimpleAsyncTaskSchedulerBuilder' simpleAsyncTaskSchedulerBuilder (OnBeanCondition)

   TaskSchedulingConfigurations.TaskSchedulerConfiguration:
      Did not match:
         - @ConditionalOnBean (names: org.springframework.context.annotation.internalScheduledAnnotationProcessor; SearchStrategy: all) did not find any beans named org.springframework.context.annotation.internalScheduledAnnotationProcessor (OnBeanCondition)

   ThymeleafAutoConfiguration:
      Did not match:
         - @ConditionalOnClass did not find required class 'org.thymeleaf.spring6.SpringTemplateEngine' (OnClassCondition)

   TransactionAutoConfiguration#transactionalOperator:
      Did not match:
         - @ConditionalOnSingleCandidate (types: org.springframework.transaction.ReactiveTransactionManager; SearchStrategy: all) did not find any beans (OnBeanCondition)

   TransactionAutoConfiguration.AspectJTransactionManagementConfiguration:
      Did not match:
         - @ConditionalOnBean (types: org.springframework.transaction.aspectj.AbstractTransactionAspect; SearchStrategy: all) did not find any beans of type org.springframework.transaction.aspectj.AbstractTransactionAspect (OnBeanCondition)

   TransactionAutoConfiguration.EnableTransactionManagementConfiguration.JdkDynamicAutoProxyConfiguration:
      Did not match:
         - @ConditionalOnProperty (spring.aop.proxy-target-class=false) did not find property 'proxy-target-class' (OnPropertyCondition)

   UserDetailsServiceAutoConfiguration:
      Did not match:
         - @ConditionalOnMissingBean (types: org.springframework.security.authentication.AuthenticationManager,org.springframework.security.authentication.AuthenticationProvider,org.springframework.security.core.userdetails.UserDetailsService,org.springframework.security.authentication.AuthenticationManagerResolver,org.springframework.security.oauth2.jwt.JwtDecoder; SearchStrategy: all) found beans of type 'org.springframework.security.authentication.AuthenticationManager' authenticationManager and found beans of type 'org.springframework.security.core.userdetails.UserDetailsService' userDetailsServiceImpl and found beans of type 'org.springframework.security.authentication.AuthenticationProvider' authenticationProvider (OnBeanCondition)
      Matched:
         - @ConditionalOnClass found required class 'org.springframework.security.authentication.AuthenticationManager' (OnClassCondition)
         - AnyNestedCondition 1 matched 2 did not; NestedCondition on UserDetailsServiceAutoConfiguration.MissingAlternativeOrUserPropertiesConfigured.PasswordConfigured @ConditionalOnProperty (spring.security.user.password) did not find property 'password'; NestedCondition on UserDetailsServiceAutoConfiguration.MissingAlternativeOrUserPropertiesConfigured.NameConfigured @ConditionalOnProperty (spring.security.user.name) did not find property 'name'; NestedCondition on UserDetailsServiceAutoConfiguration.MissingAlternativeOrUserPropertiesConfigured.MissingAlternative @ConditionalOnMissingClass did not find unwanted classes 'org.springframework.security.oauth2.client.registration.ClientRegistrationRepository', 'org.springframework.security.oauth2.server.resource.introspection.OpaqueTokenIntrospector', 'org.springframework.security.saml2.provider.service.registration.RelyingPartyRegistrationRepository' (UserDetailsServiceAutoConfiguration.MissingAlternativeOrUserPropertiesConfigured)

   WebClientAutoConfiguration:
      Did not match:
         - @ConditionalOnClass did not find required class 'org.springframework.web.reactive.function.client.WebClient' (OnClassCondition)

   WebFluxAutoConfiguration:
      Did not match:
         - @ConditionalOnClass did not find required class 'org.springframework.web.reactive.config.WebFluxConfigurer' (OnClassCondition)

   WebMvcAutoConfiguration#hiddenHttpMethodFilter:
      Did not match:
         - @ConditionalOnProperty (spring.mvc.hiddenmethod.filter.enabled) did not find property 'enabled' (OnPropertyCondition)

   WebMvcAutoConfiguration.ProblemDetailsErrorHandlingConfiguration:
      Did not match:
         - @ConditionalOnProperty (spring.mvc.problemdetails.enabled=true) did not find property 'enabled' (OnPropertyCondition)

   WebMvcAutoConfiguration.ResourceChainCustomizerConfiguration:
      Did not match:
         - @ConditionalOnEnabledResourceChain did not find class org.webjars.WebJarAssetLocator (OnEnabledResourceChainCondition)

   WebMvcAutoConfiguration.WebMvcAutoConfigurationAdapter#beanNameViewResolver:
      Did not match:
         - @ConditionalOnMissingBean (types: org.springframework.web.servlet.view.BeanNameViewResolver; SearchStrategy: all) found beans of type 'org.springframework.web.servlet.view.BeanNameViewResolver' beanNameViewResolver (OnBeanCondition)

   WebServiceTemplateAutoConfiguration:
      Did not match:
         - @ConditionalOnClass did not find required class 'org.springframework.oxm.Marshaller' (OnClassCondition)

   WebServicesAutoConfiguration:
      Did not match:
         - @ConditionalOnClass did not find required class 'org.springframework.ws.transport.http.MessageDispatcherServlet' (OnClassCondition)

   WebSessionIdResolverAutoConfiguration:
      Did not match:
         - @ConditionalOnClass did not find required class 'reactor.core.publisher.Mono' (OnClassCondition)

   WebSocketMessagingAutoConfiguration:
      Did not match:
         - @ConditionalOnClass did not find required class 'org.springframework.web.socket.config.annotation.WebSocketMessageBrokerConfigurer' (OnClassCondition)

   WebSocketReactiveAutoConfiguration:
      Did not match:
         - @ConditionalOnWebApplication did not find reactive web application classes (OnWebApplicationCondition)

   WebSocketServletAutoConfiguration.JettyWebSocketConfiguration:
      Did not match:
         - @ConditionalOnClass did not find required class 'org.eclipse.jetty.ee10.websocket.jakarta.server.config.JakartaWebSocketServletContainerInitializer' (OnClassCondition)

   WebSocketServletAutoConfiguration.UndertowWebSocketConfiguration:
      Did not match:
         - @ConditionalOnClass did not find required class 'io.undertow.websockets.jsr.Bootstrap' (OnClassCondition)

   XADataSourceAutoConfiguration:
      Did not match:
         - @ConditionalOnBean (types: org.springframework.boot.jdbc.XADataSourceWrapper; SearchStrategy: all) did not find any beans of type org.springframework.boot.jdbc.XADataSourceWrapper (OnBeanCondition)
      Matched:
         - @ConditionalOnClass found required classes 'javax.sql.DataSource', 'jakarta.transaction.TransactionManager', 'org.springframework.jdbc.datasource.embedded.EmbeddedDatabaseType' (OnClassCondition)


Exclusions:
-----------

    None


Unconditional classes:
----------------------

    org.springframework.boot.autoconfigure.context.ConfigurationPropertiesAutoConfiguration

    org.springframework.boot.autoconfigure.ssl.SslAutoConfiguration

    org.springframework.boot.autoconfigure.context.LifecycleAutoConfiguration

    org.springframework.boot.autoconfigure.context.PropertyPlaceholderAutoConfiguration

    org.springframework.boot.autoconfigure.availability.ApplicationAvailabilityAutoConfiguration

    org.springframework.boot.autoconfigure.info.ProjectInfoAutoConfiguration



2024-10-02T10:01:52.852+05:30  INFO 931736 --- [eccomerce] [           main] com.app.EccomerceApplicationTests        : Started EccomerceApplicationTests in 18.01 seconds (process running for 21.555)
2024-10-02T10:01:52.855+05:30 DEBUG 931736 --- [eccomerce] [           main] o.s.b.a.ApplicationAvailabilityBean      : Application availability state LivenessState changed to CORRECT
2024-10-02T10:01:52.859+05:30 DEBUG 931736 --- [eccomerce] [           main] o.s.boot.devtools.restart.Restarter      : Creating new Restarter for thread Thread[#1,main,5,main]
2024-10-02T10:01:52.860+05:30 DEBUG 931736 --- [eccomerce] [           main] o.s.b.a.ApplicationAvailabilityBean      : Application availability state ReadinessState changed to ACCEPTING_TRAFFIC
2024-10-02T10:01:52.866+05:30 DEBUG 931736 --- [eccomerce] [           main] org.springframework.test.context.cache   : Spring test ApplicationContext cache statistics: [DefaultContextCache@5f914d68 size = 1, maxSize = 32, parentContextCount = 0, hitCount = 0, missCount = 1, failureCount = 0]
2024-10-02T10:01:52.867+05:30 DEBUG 931736 --- [eccomerce] [           main] o.s.t.c.w.ServletTestExecutionListener   : Setting up MockHttpServletRequest, MockHttpServletResponse, ServletWebRequest, and RequestContextHolder for test class com.app.EccomerceApplicationTests
2024-10-02T10:01:52.896+05:30 DEBUG 931736 --- [eccomerce] [           main] DependencyInjectionTestExecutionListener : Performing dependency injection for test class com.app.EccomerceApplicationTests
2024-10-02T10:01:52.896+05:30 DEBUG 931736 --- [eccomerce] [           main] org.springframework.test.context.cache   : Spring test ApplicationContext cache statistics: [DefaultContextCache@5f914d68 size = 1, maxSize = 32, parentContextCount = 0, hitCount = 1, missCount = 1, failureCount = 0]
2024-10-02T10:01:52.900+05:30 DEBUG 931736 --- [eccomerce] [           main] org.springframework.test.context.cache   : Spring test ApplicationContext cache statistics: [DefaultContextCache@5f914d68 size = 1, maxSize = 32, parentContextCount = 0, hitCount = 2, missCount = 1, failureCount = 0]
2024-10-02T10:01:52.922+05:30 DEBUG 931736 --- [eccomerce] [           main] sContextBeforeModesTestExecutionListener : Before test method: class [EccomerceApplicationTests], method [contextLoads], class annotated with @DirtiesContext [false] with mode [null], method annotated with @DirtiesContext [false] with mode [null]
2024-10-02T10:01:52.927+05:30 DEBUG 931736 --- [eccomerce] [           main] org.springframework.test.context.cache   : Spring test ApplicationContext cache statistics: [DefaultContextCache@5f914d68 size = 1, maxSize = 32, parentContextCount = 0, hitCount = 3, missCount = 1, failureCount = 0]
2024-10-02T10:01:52.929+05:30 DEBUG 931736 --- [eccomerce] [           main] org.springframework.test.context.cache   : Spring test ApplicationContext cache statistics: [DefaultContextCache@5f914d68 size = 1, maxSize = 32, parentContextCount = 0, hitCount = 4, missCount = 1, failureCount = 0]
2024-10-02T10:01:54.524+05:30 DEBUG 931736 --- [eccomerce] [           main] org.springframework.test.context.cache   : Spring test ApplicationContext cache statistics: [DefaultContextCache@5f914d68 size = 1, maxSize = 32, parentContextCount = 0, hitCount = 5, missCount = 1, failureCount = 0]
2024-10-02T10:01:54.536+05:30 DEBUG 931736 --- [eccomerce] [           main] org.springframework.test.context.cache   : Spring test ApplicationContext cache statistics: [DefaultContextCache@5f914d68 size = 1, maxSize = 32, parentContextCount = 0, hitCount = 6, missCount = 1, failureCount = 0]
2024-10-02T10:01:54.537+05:30 DEBUG 931736 --- [eccomerce] [           main] org.springframework.test.context.cache   : Spring test ApplicationContext cache statistics: [DefaultContextCache@5f914d68 size = 1, maxSize = 32, parentContextCount = 0, hitCount = 7, missCount = 1, failureCount = 0]
2024-10-02T10:01:54.538+05:30 DEBUG 931736 --- [eccomerce] [           main] org.springframework.test.context.cache   : Spring test ApplicationContext cache statistics: [DefaultContextCache@5f914d68 size = 1, maxSize = 32, parentContextCount = 0, hitCount = 8, missCount = 1, failureCount = 0]
2024-10-02T10:01:54.540+05:30 DEBUG 931736 --- [eccomerce] [           main] org.springframework.test.context.cache   : Spring test ApplicationContext cache statistics: [DefaultContextCache@5f914d68 size = 1, maxSize = 32, parentContextCount = 0, hitCount = 9, missCount = 1, failureCount = 0]
2024-10-02T10:01:54.542+05:30 DEBUG 931736 --- [eccomerce] [           main] org.springframework.test.context.cache   : Spring test ApplicationContext cache statistics: [DefaultContextCache@5f914d68 size = 1, maxSize = 32, parentContextCount = 0, hitCount = 10, missCount = 1, failureCount = 0]
2024-10-02T10:01:54.545+05:30 DEBUG 931736 --- [eccomerce] [           main] org.springframework.test.context.cache   : Spring test ApplicationContext cache statistics: [DefaultContextCache@5f914d68 size = 1, maxSize = 32, parentContextCount = 0, hitCount = 11, missCount = 1, failureCount = 0]
2024-10-02T10:01:54.547+05:30 DEBUG 931736 --- [eccomerce] [           main] org.springframework.test.context.cache   : Spring test ApplicationContext cache statistics: [DefaultContextCache@5f914d68 size = 1, maxSize = 32, parentContextCount = 0, hitCount = 12, missCount = 1, failureCount = 0]
2024-10-02T10:01:54.548+05:30 DEBUG 931736 --- [eccomerce] [           main] .c.s.DirtiesContextTestExecutionListener : After test method: class [EccomerceApplicationTests], method [contextLoads], class annotated with @DirtiesContext [false] with mode [null], method annotated with @DirtiesContext [false] with mode [null]
2024-10-02T10:01:54.548+05:30 DEBUG 931736 --- [eccomerce] [           main] o.s.t.c.w.ServletTestExecutionListener   : Resetting RequestContextHolder for test class com.app.EccomerceApplicationTests
]]></system-out>
    <system-err><![CDATA[WARNING: A Java agent has been loaded dynamically (C:\Users\SHIVANYA SALES\.m2\repository\net\bytebuddy\byte-buddy-agent\1.14.19\byte-buddy-agent-1.14.19.jar)
WARNING: If a serviceability tool is in use, please run with -XX:+EnableDynamicAgentLoading to hide this warning
WARNING: If a serviceability tool is not in use, please run with -Djdk.instrument.traceUsage for more information
WARNING: Dynamic loading of agents will be disallowed by default in a future release
]]></system-err>
  </testcase>
</testsuite>